CRITICAL - 2025-07-14 01:05:01 --> ErrorException: Undefined array key "capacity"
[Method: GET, Route: admin/reports/export/events]
in APPPATH\Controllers\AdminController.php on line 556.
 1 APPPATH\Controllers\AdminController.php(556): CodeIgniter\Debug\Exceptions->errorHandler(2, 'Undefined array key "capacity"', 'C:\\xampp\\htdocs\\Eventra1\\app\\Controllers\\AdminController.php', 556)
 2 SYSTEMPATH\CodeIgniter.php(933): App\Controllers\AdminController->exportEvents()
 3 SYSTEMPATH\CodeIgniter.php(507): CodeIgniter\CodeIgniter->runController(Object(App\Controllers\AdminController))
 4 SYSTEMPATH\CodeIgniter.php(354): CodeIgniter\CodeIgniter->handleRequest(null, Object(Config\Cache), false)
 5 SYSTEMPATH\Boot.php(334): CodeIgniter\CodeIgniter->run()
 6 SYSTEMPATH\Boot.php(67): CodeIgniter\Boot::runCodeIgniter(Object(CodeIgniter\CodeIgniter))
 7 FCPATH\index.php(59): CodeIgniter\Boot::bootWeb(Object(Config\Paths))
 8 SYSTEMPATH\rewrite.php(44): require_once('C:\\xampp\\htdocs\\Eventra1\\public\\index.php')
CRITICAL - 2025-07-14 01:05:02 --> ErrorException: Undefined array key "capacity"
[Method: GET, Route: admin/reports/export/events]
in APPPATH\Controllers\AdminController.php on line 556.
 1 APPPATH\Controllers\AdminController.php(556): CodeIgniter\Debug\Exceptions->errorHandler(2, 'Undefined array key "capacity"', 'C:\\xampp\\htdocs\\Eventra1\\app\\Controllers\\AdminController.php', 556)
 2 SYSTEMPATH\CodeIgniter.php(933): App\Controllers\AdminController->exportEvents()
 3 SYSTEMPATH\CodeIgniter.php(507): CodeIgniter\CodeIgniter->runController(Object(App\Controllers\AdminController))
 4 SYSTEMPATH\CodeIgniter.php(354): CodeIgniter\CodeIgniter->handleRequest(null, Object(Config\Cache), false)
 5 SYSTEMPATH\Boot.php(334): CodeIgniter\CodeIgniter->run()
 6 SYSTEMPATH\Boot.php(67): CodeIgniter\Boot::runCodeIgniter(Object(CodeIgniter\CodeIgniter))
 7 FCPATH\index.php(59): CodeIgniter\Boot::bootWeb(Object(Config\Paths))
 8 SYSTEMPATH\rewrite.php(44): require_once('C:\\xampp\\htdocs\\Eventra1\\public\\index.php')
CRITICAL - 2025-07-14 01:05:07 --> ErrorException: Undefined array key "capacity"
[Method: GET, Route: admin/reports/export/events]
in APPPATH\Controllers\AdminController.php on line 556.
 1 APPPATH\Controllers\AdminController.php(556): CodeIgniter\Debug\Exceptions->errorHandler(2, 'Undefined array key "capacity"', 'C:\\xampp\\htdocs\\Eventra1\\app\\Controllers\\AdminController.php', 556)
 2 SYSTEMPATH\CodeIgniter.php(933): App\Controllers\AdminController->exportEvents()
 3 SYSTEMPATH\CodeIgniter.php(507): CodeIgniter\CodeIgniter->runController(Object(App\Controllers\AdminController))
 4 SYSTEMPATH\CodeIgniter.php(354): CodeIgniter\CodeIgniter->handleRequest(null, Object(Config\Cache), false)
 5 SYSTEMPATH\Boot.php(334): CodeIgniter\CodeIgniter->run()
 6 SYSTEMPATH\Boot.php(67): CodeIgniter\Boot::runCodeIgniter(Object(CodeIgniter\CodeIgniter))
 7 FCPATH\index.php(59): CodeIgniter\Boot::bootWeb(Object(Config\Paths))
 8 SYSTEMPATH\rewrite.php(44): require_once('C:\\xampp\\htdocs\\Eventra1\\public\\index.php')
CRITICAL - 2025-07-14 01:05:20 --> ErrorException: Undefined array key "capacity"
[Method: GET, Route: admin/reports/export/events]
in APPPATH\Controllers\AdminController.php on line 556.
 1 APPPATH\Controllers\AdminController.php(556): CodeIgniter\Debug\Exceptions->errorHandler(2, 'Undefined array key "capacity"', 'C:\\xampp\\htdocs\\Eventra1\\app\\Controllers\\AdminController.php', 556)
 2 SYSTEMPATH\CodeIgniter.php(933): App\Controllers\AdminController->exportEvents()
 3 SYSTEMPATH\CodeIgniter.php(507): CodeIgniter\CodeIgniter->runController(Object(App\Controllers\AdminController))
 4 SYSTEMPATH\CodeIgniter.php(354): CodeIgniter\CodeIgniter->handleRequest(null, Object(Config\Cache), false)
 5 SYSTEMPATH\Boot.php(334): CodeIgniter\CodeIgniter->run()
 6 SYSTEMPATH\Boot.php(67): CodeIgniter\Boot::runCodeIgniter(Object(CodeIgniter\CodeIgniter))
 7 FCPATH\index.php(59): CodeIgniter\Boot::bootWeb(Object(Config\Paths))
 8 SYSTEMPATH\rewrite.php(44): require_once('C:\\xampp\\htdocs\\Eventra1\\public\\index.php')
CRITICAL - 2025-07-14 01:05:21 --> ErrorException: Undefined array key "capacity"
[Method: GET, Route: admin/reports/export/events]
in APPPATH\Controllers\AdminController.php on line 556.
 1 APPPATH\Controllers\AdminController.php(556): CodeIgniter\Debug\Exceptions->errorHandler(2, 'Undefined array key "capacity"', 'C:\\xampp\\htdocs\\Eventra1\\app\\Controllers\\AdminController.php', 556)
 2 SYSTEMPATH\CodeIgniter.php(933): App\Controllers\AdminController->exportEvents()
 3 SYSTEMPATH\CodeIgniter.php(507): CodeIgniter\CodeIgniter->runController(Object(App\Controllers\AdminController))
 4 SYSTEMPATH\CodeIgniter.php(354): CodeIgniter\CodeIgniter->handleRequest(null, Object(Config\Cache), false)
 5 SYSTEMPATH\Boot.php(334): CodeIgniter\CodeIgniter->run()
 6 SYSTEMPATH\Boot.php(67): CodeIgniter\Boot::runCodeIgniter(Object(CodeIgniter\CodeIgniter))
 7 FCPATH\index.php(59): CodeIgniter\Boot::bootWeb(Object(Config\Paths))
 8 SYSTEMPATH\rewrite.php(44): require_once('C:\\xampp\\htdocs\\Eventra1\\public\\index.php')
CRITICAL - 2025-07-14 01:05:29 --> ErrorException: Undefined array key "capacity"
[Method: GET, Route: admin/reports/export/events]
in APPPATH\Controllers\AdminController.php on line 556.
 1 APPPATH\Controllers\AdminController.php(556): CodeIgniter\Debug\Exceptions->errorHandler(2, 'Undefined array key "capacity"', 'C:\\xampp\\htdocs\\Eventra1\\app\\Controllers\\AdminController.php', 556)
 2 SYSTEMPATH\CodeIgniter.php(933): App\Controllers\AdminController->exportEvents()
 3 SYSTEMPATH\CodeIgniter.php(507): CodeIgniter\CodeIgniter->runController(Object(App\Controllers\AdminController))
 4 SYSTEMPATH\CodeIgniter.php(354): CodeIgniter\CodeIgniter->handleRequest(null, Object(Config\Cache), false)
 5 SYSTEMPATH\Boot.php(334): CodeIgniter\CodeIgniter->run()
 6 SYSTEMPATH\Boot.php(67): CodeIgniter\Boot::runCodeIgniter(Object(CodeIgniter\CodeIgniter))
 7 FCPATH\index.php(59): CodeIgniter\Boot::bootWeb(Object(Config\Paths))
 8 SYSTEMPATH\rewrite.php(44): require_once('C:\\xampp\\htdocs\\Eventra1\\public\\index.php')
CRITICAL - 2025-07-14 01:05:30 --> ErrorException: Undefined array key "capacity"
[Method: GET, Route: admin/reports/export/events]
in APPPATH\Controllers\AdminController.php on line 556.
 1 APPPATH\Controllers\AdminController.php(556): CodeIgniter\Debug\Exceptions->errorHandler(2, 'Undefined array key "capacity"', 'C:\\xampp\\htdocs\\Eventra1\\app\\Controllers\\AdminController.php', 556)
 2 SYSTEMPATH\CodeIgniter.php(933): App\Controllers\AdminController->exportEvents()
 3 SYSTEMPATH\CodeIgniter.php(507): CodeIgniter\CodeIgniter->runController(Object(App\Controllers\AdminController))
 4 SYSTEMPATH\CodeIgniter.php(354): CodeIgniter\CodeIgniter->handleRequest(null, Object(Config\Cache), false)
 5 SYSTEMPATH\Boot.php(334): CodeIgniter\CodeIgniter->run()
 6 SYSTEMPATH\Boot.php(67): CodeIgniter\Boot::runCodeIgniter(Object(CodeIgniter\CodeIgniter))
 7 FCPATH\index.php(59): CodeIgniter\Boot::bootWeb(Object(Config\Paths))
 8 SYSTEMPATH\rewrite.php(44): require_once('C:\\xampp\\htdocs\\Eventra1\\public\\index.php')
CRITICAL - 2025-07-14 01:06:09 --> ErrorException: Undefined array key "capacity"
[Method: GET, Route: admin/reports/export/events]
in APPPATH\Controllers\AdminController.php on line 556.
 1 APPPATH\Controllers\AdminController.php(556): CodeIgniter\Debug\Exceptions->errorHandler(2, 'Undefined array key "capacity"', 'C:\\xampp\\htdocs\\Eventra1\\app\\Controllers\\AdminController.php', 556)
 2 SYSTEMPATH\CodeIgniter.php(933): App\Controllers\AdminController->exportEvents()
 3 SYSTEMPATH\CodeIgniter.php(507): CodeIgniter\CodeIgniter->runController(Object(App\Controllers\AdminController))
 4 SYSTEMPATH\CodeIgniter.php(354): CodeIgniter\CodeIgniter->handleRequest(null, Object(Config\Cache), false)
 5 SYSTEMPATH\Boot.php(334): CodeIgniter\CodeIgniter->run()
 6 SYSTEMPATH\Boot.php(67): CodeIgniter\Boot::runCodeIgniter(Object(CodeIgniter\CodeIgniter))
 7 FCPATH\index.php(59): CodeIgniter\Boot::bootWeb(Object(Config\Paths))
 8 SYSTEMPATH\rewrite.php(44): require_once('C:\\xampp\\htdocs\\Eventra1\\public\\index.php')
CRITICAL - 2025-07-14 01:06:10 --> ErrorException: Undefined array key "capacity"
[Method: GET, Route: admin/reports/export/events]
in APPPATH\Controllers\AdminController.php on line 556.
 1 APPPATH\Controllers\AdminController.php(556): CodeIgniter\Debug\Exceptions->errorHandler(2, 'Undefined array key "capacity"', 'C:\\xampp\\htdocs\\Eventra1\\app\\Controllers\\AdminController.php', 556)
 2 SYSTEMPATH\CodeIgniter.php(933): App\Controllers\AdminController->exportEvents()
 3 SYSTEMPATH\CodeIgniter.php(507): CodeIgniter\CodeIgniter->runController(Object(App\Controllers\AdminController))
 4 SYSTEMPATH\CodeIgniter.php(354): CodeIgniter\CodeIgniter->handleRequest(null, Object(Config\Cache), false)
 5 SYSTEMPATH\Boot.php(334): CodeIgniter\CodeIgniter->run()
 6 SYSTEMPATH\Boot.php(67): CodeIgniter\Boot::runCodeIgniter(Object(CodeIgniter\CodeIgniter))
 7 FCPATH\index.php(59): CodeIgniter\Boot::bootWeb(Object(Config\Paths))
 8 SYSTEMPATH\rewrite.php(44): require_once('C:\\xampp\\htdocs\\Eventra1\\public\\index.php')
CRITICAL - 2025-07-14 01:07:05 --> ErrorException: Undefined array key "capacity"
[Method: GET, Route: admin/reports/export/events]
in APPPATH\Controllers\AdminController.php on line 556.
 1 APPPATH\Controllers\AdminController.php(556): CodeIgniter\Debug\Exceptions->errorHandler(2, 'Undefined array key "capacity"', 'C:\\xampp\\htdocs\\Eventra1\\app\\Controllers\\AdminController.php', 556)
 2 SYSTEMPATH\CodeIgniter.php(933): App\Controllers\AdminController->exportEvents()
 3 SYSTEMPATH\CodeIgniter.php(507): CodeIgniter\CodeIgniter->runController(Object(App\Controllers\AdminController))
 4 SYSTEMPATH\CodeIgniter.php(354): CodeIgniter\CodeIgniter->handleRequest(null, Object(Config\Cache), false)
 5 SYSTEMPATH\Boot.php(334): CodeIgniter\CodeIgniter->run()
 6 SYSTEMPATH\Boot.php(67): CodeIgniter\Boot::runCodeIgniter(Object(CodeIgniter\CodeIgniter))
 7 FCPATH\index.php(59): CodeIgniter\Boot::bootWeb(Object(Config\Paths))
 8 SYSTEMPATH\rewrite.php(44): require_once('C:\\xampp\\htdocs\\Eventra1\\public\\index.php')
CRITICAL - 2025-07-14 01:07:06 --> ErrorException: Undefined array key "capacity"
[Method: GET, Route: admin/reports/export/events]
in APPPATH\Controllers\AdminController.php on line 556.
 1 APPPATH\Controllers\AdminController.php(556): CodeIgniter\Debug\Exceptions->errorHandler(2, 'Undefined array key "capacity"', 'C:\\xampp\\htdocs\\Eventra1\\app\\Controllers\\AdminController.php', 556)
 2 SYSTEMPATH\CodeIgniter.php(933): App\Controllers\AdminController->exportEvents()
 3 SYSTEMPATH\CodeIgniter.php(507): CodeIgniter\CodeIgniter->runController(Object(App\Controllers\AdminController))
 4 SYSTEMPATH\CodeIgniter.php(354): CodeIgniter\CodeIgniter->handleRequest(null, Object(Config\Cache), false)
 5 SYSTEMPATH\Boot.php(334): CodeIgniter\CodeIgniter->run()
 6 SYSTEMPATH\Boot.php(67): CodeIgniter\Boot::runCodeIgniter(Object(CodeIgniter\CodeIgniter))
 7 FCPATH\index.php(59): CodeIgniter\Boot::bootWeb(Object(Config\Paths))
 8 SYSTEMPATH\rewrite.php(44): require_once('C:\\xampp\\htdocs\\Eventra1\\public\\index.php')
CRITICAL - 2025-07-14 01:07:11 --> ErrorException: Undefined array key "capacity"
[Method: GET, Route: admin/reports/export/events]
in APPPATH\Controllers\AdminController.php on line 556.
 1 APPPATH\Controllers\AdminController.php(556): CodeIgniter\Debug\Exceptions->errorHandler(2, 'Undefined array key "capacity"', 'C:\\xampp\\htdocs\\Eventra1\\app\\Controllers\\AdminController.php', 556)
 2 SYSTEMPATH\CodeIgniter.php(933): App\Controllers\AdminController->exportEvents()
 3 SYSTEMPATH\CodeIgniter.php(507): CodeIgniter\CodeIgniter->runController(Object(App\Controllers\AdminController))
 4 SYSTEMPATH\CodeIgniter.php(354): CodeIgniter\CodeIgniter->handleRequest(null, Object(Config\Cache), false)
 5 SYSTEMPATH\Boot.php(334): CodeIgniter\CodeIgniter->run()
 6 SYSTEMPATH\Boot.php(67): CodeIgniter\Boot::runCodeIgniter(Object(CodeIgniter\CodeIgniter))
 7 FCPATH\index.php(59): CodeIgniter\Boot::bootWeb(Object(Config\Paths))
 8 SYSTEMPATH\rewrite.php(44): require_once('C:\\xampp\\htdocs\\Eventra1\\public\\index.php')
CRITICAL - 2025-07-14 01:07:41 --> ErrorException: Undefined array key "capacity"
[Method: GET, Route: admin/reports/export/events]
in APPPATH\Controllers\AdminController.php on line 556.
 1 APPPATH\Controllers\AdminController.php(556): CodeIgniter\Debug\Exceptions->errorHandler(2, 'Undefined array key "capacity"', 'C:\\xampp\\htdocs\\Eventra1\\app\\Controllers\\AdminController.php', 556)
 2 SYSTEMPATH\CodeIgniter.php(933): App\Controllers\AdminController->exportEvents()
 3 SYSTEMPATH\CodeIgniter.php(507): CodeIgniter\CodeIgniter->runController(Object(App\Controllers\AdminController))
 4 SYSTEMPATH\CodeIgniter.php(354): CodeIgniter\CodeIgniter->handleRequest(null, Object(Config\Cache), false)
 5 SYSTEMPATH\Boot.php(334): CodeIgniter\CodeIgniter->run()
 6 SYSTEMPATH\Boot.php(67): CodeIgniter\Boot::runCodeIgniter(Object(CodeIgniter\CodeIgniter))
 7 FCPATH\index.php(59): CodeIgniter\Boot::bootWeb(Object(Config\Paths))
 8 SYSTEMPATH\rewrite.php(44): require_once('C:\\xampp\\htdocs\\Eventra1\\public\\index.php')
CRITICAL - 2025-07-14 01:08:41 --> ErrorException: Undefined array key "capacity"
[Method: GET, Route: admin/reports/export/events]
in APPPATH\Controllers\AdminController.php on line 556.
 1 APPPATH\Controllers\AdminController.php(556): CodeIgniter\Debug\Exceptions->errorHandler(2, 'Undefined array key "capacity"', 'C:\\xampp\\htdocs\\Eventra1\\app\\Controllers\\AdminController.php', 556)
 2 SYSTEMPATH\CodeIgniter.php(933): App\Controllers\AdminController->exportEvents()
 3 SYSTEMPATH\CodeIgniter.php(507): CodeIgniter\CodeIgniter->runController(Object(App\Controllers\AdminController))
 4 SYSTEMPATH\CodeIgniter.php(354): CodeIgniter\CodeIgniter->handleRequest(null, Object(Config\Cache), false)
 5 SYSTEMPATH\Boot.php(334): CodeIgniter\CodeIgniter->run()
 6 SYSTEMPATH\Boot.php(67): CodeIgniter\Boot::runCodeIgniter(Object(CodeIgniter\CodeIgniter))
 7 FCPATH\index.php(59): CodeIgniter\Boot::bootWeb(Object(Config\Paths))
 8 SYSTEMPATH\rewrite.php(44): require_once('C:\\xampp\\htdocs\\Eventra1\\public\\index.php')
CRITICAL - 2025-07-14 03:30:04 --> CodeIgniter\Cache\Exceptions\CacheException: Cache unable to write to "C:\xampp\htdocs\Eventra1\writable\cache/".
[Method: GET, Route: auth/register]
in SYSTEMPATH\Cache\Handlers\FileHandler.php on line 61.
 1 SYSTEMPATH\Cache\Handlers\FileHandler.php(61): CodeIgniter\Cache\Exceptions\CacheException::forUnableToWrite('C:\\xampp\\htdocs\\Eventra1\\writable\\cache/')
 2 SYSTEMPATH\Cache\CacheFactory.php(67): CodeIgniter\Cache\Handlers\FileHandler->__construct(Object(Config\Cache))
 3 SYSTEMPATH\Config\Services.php(129): CodeIgniter\Cache\CacheFactory::getHandler(Object(Config\Cache))
 4 SYSTEMPATH\Config\BaseService.php(312): CodeIgniter\Config\Services::cache(Object(Config\Cache), false)
 5 SYSTEMPATH\Config\BaseService.php(251): CodeIgniter\Config\BaseService::__callStatic('cache', [...])
 6 SYSTEMPATH\Config\Services.php(124): CodeIgniter\Config\BaseService::getSharedInstance('cache', null)
 7 SYSTEMPATH\Config\BaseService.php(321): CodeIgniter\Config\Services::cache()
 8 SYSTEMPATH\Config\BaseService.php(202): CodeIgniter\Config\BaseService::__callStatic('cache', [])
 9 SYSTEMPATH\Config\Services.php(454): CodeIgniter\Config\BaseService::get('cache')
10 SYSTEMPATH\Config\BaseService.php(312): CodeIgniter\Config\Services::responsecache(Object(Config\Cache), null, false)
11 SYSTEMPATH\Config\BaseService.php(251): CodeIgniter\Config\BaseService::__callStatic('responsecache', [...])
12 SYSTEMPATH\Config\Services.php(450): CodeIgniter\Config\BaseService::getSharedInstance('responsecache', null, null)
13 SYSTEMPATH\Config\BaseService.php(321): CodeIgniter\Config\Services::responsecache()
14 SYSTEMPATH\CodeIgniter.php(178): CodeIgniter\Config\BaseService::__callStatic('responsecache', [])
15 SYSTEMPATH\Config\Services.php(164): CodeIgniter\CodeIgniter->__construct(Object(Config\App))
16 SYSTEMPATH\Config\BaseService.php(312): CodeIgniter\Config\Services::codeigniter(Object(Config\App), false)
17 SYSTEMPATH\Config\BaseService.php(251): CodeIgniter\Config\BaseService::__callStatic('codeigniter', [...])
18 SYSTEMPATH\Config\Services.php(159): CodeIgniter\Config\BaseService::getSharedInstance('codeigniter', null)
19 SYSTEMPATH\Config\BaseService.php(321): CodeIgniter\Config\Services::codeigniter()
20 SYSTEMPATH\Config\BaseService.php(202): CodeIgniter\Config\BaseService::__callStatic('codeigniter', [])
21 SYSTEMPATH\Common.php(1000): CodeIgniter\Config\BaseService::get('codeigniter')
22 SYSTEMPATH\Boot.php(320): service('codeigniter')
23 SYSTEMPATH\Boot.php(66): CodeIgniter\Boot::initializeCodeIgniter()
24 FCPATH\index.php(59): CodeIgniter\Boot::bootWeb(Object(Config\Paths))
25 SYSTEMPATH\rewrite.php(44): require_once('C:\\xampp\\htdocs\\Eventra1\\public\\index.php')
CRITICAL - 2025-07-14 01:36:55 --> CodeIgniter\Exceptions\InvalidArgumentException: Field "callback_data" is not nullable, but null was passed.
[Method: GET, Route: payment/instructions/1]
in SYSTEMPATH\DataCaster\DataCaster.php on line 145.
 1 SYSTEMPATH\DataConverter\DataConverter.php(80): CodeIgniter\DataCaster\DataCaster->castAs(null, 'callback_data', 'get')
 2 SYSTEMPATH\BaseModel.php(1945): CodeIgniter\DataConverter\DataConverter->fromDataSource([...])
 3 SYSTEMPATH\Model.php(333): CodeIgniter\BaseModel->convertToReturnType([...], 'array')
 4 SYSTEMPATH\BaseModel.php(717): CodeIgniter\Model->doFirst()
 5 APPPATH\Models\PaymentModel.php(74): CodeIgniter\BaseModel->first()
 6 APPPATH\Controllers\PaymentController.php(143): App\Models\PaymentModel->getPaymentWithDetails('1')
 7 SYSTEMPATH\CodeIgniter.php(933): App\Controllers\PaymentController->instructions('1')
 8 SYSTEMPATH\CodeIgniter.php(507): CodeIgniter\CodeIgniter->runController(Object(App\Controllers\PaymentController))
 9 SYSTEMPATH\CodeIgniter.php(354): CodeIgniter\CodeIgniter->handleRequest(null, Object(Config\Cache), false)
10 SYSTEMPATH\Boot.php(334): CodeIgniter\CodeIgniter->run()
11 SYSTEMPATH\Boot.php(67): CodeIgniter\Boot::runCodeIgniter(Object(CodeIgniter\CodeIgniter))
12 FCPATH\index.php(59): CodeIgniter\Boot::bootWeb(Object(Config\Paths))
13 SYSTEMPATH\rewrite.php(44): require_once('C:\\xampp\\htdocs\\Eventra1\\public\\index.php')
CRITICAL - 2025-07-14 01:39:54 --> CodeIgniter\Exceptions\InvalidArgumentException: Field "callback_data" is not nullable, but null was passed.
[Method: GET, Route: payment/instructions/2]
in SYSTEMPATH\DataCaster\DataCaster.php on line 145.
 1 SYSTEMPATH\DataConverter\DataConverter.php(80): CodeIgniter\DataCaster\DataCaster->castAs(null, 'callback_data', 'get')
 2 SYSTEMPATH\BaseModel.php(1945): CodeIgniter\DataConverter\DataConverter->fromDataSource([...])
 3 SYSTEMPATH\Model.php(333): CodeIgniter\BaseModel->convertToReturnType([...], 'array')
 4 SYSTEMPATH\BaseModel.php(717): CodeIgniter\Model->doFirst()
 5 APPPATH\Models\PaymentModel.php(74): CodeIgniter\BaseModel->first()
 6 APPPATH\Controllers\PaymentController.php(143): App\Models\PaymentModel->getPaymentWithDetails('2')
 7 SYSTEMPATH\CodeIgniter.php(933): App\Controllers\PaymentController->instructions('2')
 8 SYSTEMPATH\CodeIgniter.php(507): CodeIgniter\CodeIgniter->runController(Object(App\Controllers\PaymentController))
 9 SYSTEMPATH\CodeIgniter.php(354): CodeIgniter\CodeIgniter->handleRequest(null, Object(Config\Cache), false)
10 SYSTEMPATH\Boot.php(334): CodeIgniter\CodeIgniter->run()
11 SYSTEMPATH\Boot.php(67): CodeIgniter\Boot::runCodeIgniter(Object(CodeIgniter\CodeIgniter))
12 FCPATH\index.php(59): CodeIgniter\Boot::bootWeb(Object(Config\Paths))
13 SYSTEMPATH\rewrite.php(44): require_once('C:\\xampp\\htdocs\\Eventra1\\public\\index.php')
CRITICAL - 2025-07-14 01:44:01 --> CodeIgniter\Exceptions\InvalidArgumentException: Field "callback_data" is not nullable, but null was passed.
[Method: GET, Route: payment/instructions/2]
in SYSTEMPATH\DataCaster\DataCaster.php on line 145.
 1 SYSTEMPATH\DataConverter\DataConverter.php(80): CodeIgniter\DataCaster\DataCaster->castAs(null, 'callback_data', 'get')
 2 SYSTEMPATH\BaseModel.php(1945): CodeIgniter\DataConverter\DataConverter->fromDataSource([...])
 3 SYSTEMPATH\Model.php(333): CodeIgniter\BaseModel->convertToReturnType([...], 'array')
 4 SYSTEMPATH\BaseModel.php(717): CodeIgniter\Model->doFirst()
 5 APPPATH\Models\PaymentModel.php(85): CodeIgniter\BaseModel->first()
 6 APPPATH\Controllers\PaymentController.php(144): App\Models\PaymentModel->getPaymentWithDetails('2')
 7 SYSTEMPATH\CodeIgniter.php(933): App\Controllers\PaymentController->instructions('2')
 8 SYSTEMPATH\CodeIgniter.php(507): CodeIgniter\CodeIgniter->runController(Object(App\Controllers\PaymentController))
 9 SYSTEMPATH\CodeIgniter.php(354): CodeIgniter\CodeIgniter->handleRequest(null, Object(Config\Cache), false)
10 SYSTEMPATH\Boot.php(334): CodeIgniter\CodeIgniter->run()
11 SYSTEMPATH\Boot.php(67): CodeIgniter\Boot::runCodeIgniter(Object(CodeIgniter\CodeIgniter))
12 FCPATH\index.php(59): CodeIgniter\Boot::bootWeb(Object(Config\Paths))
13 SYSTEMPATH\rewrite.php(44): require_once('C:\\xampp\\htdocs\\Eventra1\\public\\index.php')
CRITICAL - 2025-07-14 01:44:13 --> CodeIgniter\Exceptions\InvalidArgumentException: Field "callback_data" is not nullable, but null was passed.
[Method: POST, Route: payment/create]
in SYSTEMPATH\DataCaster\DataCaster.php on line 145.
 1 SYSTEMPATH\DataConverter\DataConverter.php(98): CodeIgniter\DataCaster\DataCaster->castAs(null, 'callback_data', 'set')
 2 SYSTEMPATH\BaseModel.php(1846): CodeIgniter\DataConverter\DataConverter->toDataSource([...])
 3 SYSTEMPATH\BaseModel.php(809): CodeIgniter\BaseModel->transformDataToArray([...], 'insert')
 4 SYSTEMPATH\Model.php(800): CodeIgniter\BaseModel->insert([...], true)
 5 APPPATH\Controllers\PaymentController.php(130): CodeIgniter\Model->insert([...])
 6 SYSTEMPATH\CodeIgniter.php(933): App\Controllers\PaymentController->createPayment()
 7 SYSTEMPATH\CodeIgniter.php(507): CodeIgniter\CodeIgniter->runController(Object(App\Controllers\PaymentController))
 8 SYSTEMPATH\CodeIgniter.php(354): CodeIgniter\CodeIgniter->handleRequest(null, Object(Config\Cache), false)
 9 SYSTEMPATH\Boot.php(334): CodeIgniter\CodeIgniter->run()
10 SYSTEMPATH\Boot.php(67): CodeIgniter\Boot::runCodeIgniter(Object(CodeIgniter\CodeIgniter))
11 FCPATH\index.php(59): CodeIgniter\Boot::bootWeb(Object(Config\Paths))
12 SYSTEMPATH\rewrite.php(44): require_once('C:\\xampp\\htdocs\\Eventra1\\public\\index.php')
CRITICAL - 2025-07-14 01:44:57 --> CodeIgniter\Exceptions\InvalidArgumentException: Field "callback_data" is not nullable, but null was passed.
[Method: POST, Route: payment/create]
in SYSTEMPATH\DataCaster\DataCaster.php on line 145.
 1 SYSTEMPATH\DataConverter\DataConverter.php(98): CodeIgniter\DataCaster\DataCaster->castAs(null, 'callback_data', 'set')
 2 SYSTEMPATH\BaseModel.php(1846): CodeIgniter\DataConverter\DataConverter->toDataSource([...])
 3 SYSTEMPATH\BaseModel.php(809): CodeIgniter\BaseModel->transformDataToArray([...], 'insert')
 4 SYSTEMPATH\Model.php(800): CodeIgniter\BaseModel->insert([...], true)
 5 APPPATH\Controllers\PaymentController.php(130): CodeIgniter\Model->insert([...])
 6 SYSTEMPATH\CodeIgniter.php(933): App\Controllers\PaymentController->createPayment()
 7 SYSTEMPATH\CodeIgniter.php(507): CodeIgniter\CodeIgniter->runController(Object(App\Controllers\PaymentController))
 8 SYSTEMPATH\CodeIgniter.php(354): CodeIgniter\CodeIgniter->handleRequest(null, Object(Config\Cache), false)
 9 SYSTEMPATH\Boot.php(334): CodeIgniter\CodeIgniter->run()
10 SYSTEMPATH\Boot.php(67): CodeIgniter\Boot::runCodeIgniter(Object(CodeIgniter\CodeIgniter))
11 FCPATH\index.php(59): CodeIgniter\Boot::bootWeb(Object(Config\Paths))
12 SYSTEMPATH\rewrite.php(44): require_once('C:\\xampp\\htdocs\\Eventra1\\public\\index.php')
CRITICAL - 2025-07-14 01:57:45 --> TypeError: App\Validation\CustomRules::valid_user_registration(): Argument #2 ($params) must be of type string, null given, called in C:\xampp\htdocs\Eventra1\system\Validation\Validation.php on line 335
[Method: POST, Route: payment/create]
in APPPATH\Validation\CustomRules.php on line 14.
 1 SYSTEMPATH\Validation\Validation.php(335): App\Validation\CustomRules->valid_user_registration('6', null)
 2 SYSTEMPATH\Validation\Validation.php(201): CodeIgniter\Validation\Validation->processRules('registration_id', 'registration_id', '6', [...], [...], 'registration_id')
 3 APPPATH\Controllers\PaymentController.php(108): CodeIgniter\Validation\Validation->run([...])
 4 SYSTEMPATH\CodeIgniter.php(933): App\Controllers\PaymentController->createPayment()
 5 SYSTEMPATH\CodeIgniter.php(507): CodeIgniter\CodeIgniter->runController(Object(App\Controllers\PaymentController))
 6 SYSTEMPATH\CodeIgniter.php(354): CodeIgniter\CodeIgniter->handleRequest(null, Object(Config\Cache), false)
 7 SYSTEMPATH\Boot.php(334): CodeIgniter\CodeIgniter->run()
 8 SYSTEMPATH\Boot.php(67): CodeIgniter\Boot::runCodeIgniter(Object(CodeIgniter\CodeIgniter))
 9 FCPATH\index.php(59): CodeIgniter\Boot::bootWeb(Object(Config\Paths))
10 SYSTEMPATH\rewrite.php(44): require_once('C:\\xampp\\htdocs\\Eventra1\\public\\index.php')
