ERROR - 2025-07-13 13:23:44 --> Error connecting to the database: mysqli_sql_exception: Unknown database 'eventra_db' in C:\xampp\htdocs\Eventra1\system\Database\MySQLi\Connection.php:201
Stack trace:
#0 C:\xampp\htdocs\Eventra1\system\Database\MySQLi\Connection.php(201): mysqli->real_connect('localhost', 'root', Object(SensitiveParameterValue), 'eventra_db', 3306, '', 0)
#1 C:\xampp\htdocs\Eventra1\system\Database\BaseConnection.php(421): CodeIgniter\Database\MySQLi\Connection->connect(false)
#2 C:\xampp\htdocs\Eventra1\system\Database\BaseConnection.php(620): CodeIgniter\Database\BaseConnection->initialize()
#3 C:\xampp\htdocs\Eventra1\system\Database\BaseConnection.php(1525): CodeIgniter\Database\BaseConnection->query('SHOW TABLES FRO...')
#4 C:\xampp\htdocs\Eventra1\system\Database\BaseConnection.php(1545): CodeIgniter\Database\BaseConnection->listTables()
#5 C:\xampp\htdocs\Eventra1\system\Database\MigrationRunner.php(768): CodeIgniter\Database\BaseConnection->tableExists('migrations')
#6 C:\xampp\htdocs\Eventra1\system\Database\MigrationRunner.php(162): CodeIgniter\Database\MigrationRunner->ensureTable()
#7 C:\xampp\htdocs\Eventra1\system\Commands\Database\Migrate.php(85): CodeIgniter\Database\MigrationRunner->latest(NULL)
#8 C:\xampp\htdocs\Eventra1\system\CLI\Commands.php(74): CodeIgniter\Commands\Database\Migrate->run(Array)
#9 C:\xampp\htdocs\Eventra1\system\CLI\Console.php(47): CodeIgniter\CLI\Commands->run('migrate', Array)
#10 C:\xampp\htdocs\Eventra1\system\Boot.php(360): CodeIgniter\CLI\Console->run()
#11 C:\xampp\htdocs\Eventra1\system\Boot.php(104): CodeIgniter\Boot::runCommand(Object(CodeIgniter\CLI\Console))
#12 C:\xampp\htdocs\Eventra1\spark(87): CodeIgniter\Boot::bootSpark(Object(Config\Paths))
#13 {main}

Next CodeIgniter\Database\Exceptions\DatabaseException: Unknown database 'eventra_db' in C:\xampp\htdocs\Eventra1\system\Database\MySQLi\Connection.php:246
Stack trace:
#0 C:\xampp\htdocs\Eventra1\system\Database\BaseConnection.php(421): CodeIgniter\Database\MySQLi\Connection->connect(false)
#1 C:\xampp\htdocs\Eventra1\system\Database\BaseConnection.php(620): CodeIgniter\Database\BaseConnection->initialize()
#2 C:\xampp\htdocs\Eventra1\system\Database\BaseConnection.php(1525): CodeIgniter\Database\BaseConnection->query('SHOW TABLES FRO...')
#3 C:\xampp\htdocs\Eventra1\system\Database\BaseConnection.php(1545): CodeIgniter\Database\BaseConnection->listTables()
#4 C:\xampp\htdocs\Eventra1\system\Database\MigrationRunner.php(768): CodeIgniter\Database\BaseConnection->tableExists('migrations')
#5 C:\xampp\htdocs\Eventra1\system\Database\MigrationRunner.php(162): CodeIgniter\Database\MigrationRunner->ensureTable()
#6 C:\xampp\htdocs\Eventra1\system\Commands\Database\Migrate.php(85): CodeIgniter\Database\MigrationRunner->latest(NULL)
#7 C:\xampp\htdocs\Eventra1\system\CLI\Commands.php(74): CodeIgniter\Commands\Database\Migrate->run(Array)
#8 C:\xampp\htdocs\Eventra1\system\CLI\Console.php(47): CodeIgniter\CLI\Commands->run('migrate', Array)
#9 C:\xampp\htdocs\Eventra1\system\Boot.php(360): CodeIgniter\CLI\Console->run()
#10 C:\xampp\htdocs\Eventra1\system\Boot.php(104): CodeIgniter\Boot::runCommand(Object(CodeIgniter\CLI\Console))
#11 C:\xampp\htdocs\Eventra1\spark(87): CodeIgniter\Boot::bootSpark(Object(Config\Paths))
#12 {main}
ERROR - 2025-07-13 13:41:40 --> mysqli_sql_exception: Duplicate entry 'admin' for key 'username' in C:\xampp\htdocs\Eventra1\system\Database\MySQLi\Connection.php:327
Stack trace:
#0 C:\xampp\htdocs\Eventra1\system\Database\MySQLi\Connection.php(327): mysqli->query('INSERT INTO `us...', 0)
#1 C:\xampp\htdocs\Eventra1\system\Database\BaseConnection.php(738): CodeIgniter\Database\MySQLi\Connection->execute('INSERT INTO `us...')
#2 C:\xampp\htdocs\Eventra1\system\Database\BaseConnection.php(652): CodeIgniter\Database\BaseConnection->simpleQuery('INSERT INTO `us...')
#3 C:\xampp\htdocs\Eventra1\system\Database\BaseBuilder.php(1841): CodeIgniter\Database\BaseConnection->query('INSERT INTO `us...', NULL, false)
#4 C:\xampp\htdocs\Eventra1\system\Database\BaseBuilder.php(2230): CodeIgniter\Database\BaseBuilder->batchExecute('_insertBatch', 100)
#5 C:\xampp\htdocs\Eventra1\app\Database\Seeds\UserSeeder.php(47): CodeIgniter\Database\BaseBuilder->insertBatch(Array)
#6 C:\xampp\htdocs\Eventra1\system\Database\Seeder.php(149): App\Database\Seeds\UserSeeder->run()
#7 C:\xampp\htdocs\Eventra1\system\Commands\Database\Seed.php(79): CodeIgniter\Database\Seeder->call('App\\Database\\Se...')
#8 C:\xampp\htdocs\Eventra1\system\CLI\Commands.php(74): CodeIgniter\Commands\Database\Seed->run(Array)
#9 C:\xampp\htdocs\Eventra1\system\CLI\Console.php(47): CodeIgniter\CLI\Commands->run('db:seed', Array)
#10 C:\xampp\htdocs\Eventra1\system\Boot.php(360): CodeIgniter\CLI\Console->run()
#11 C:\xampp\htdocs\Eventra1\system\Boot.php(104): CodeIgniter\Boot::runCommand(Object(CodeIgniter\CLI\Console))
#12 C:\xampp\htdocs\Eventra1\spark(87): CodeIgniter\Boot::bootSpark(Object(Config\Paths))
#13 {main}
CRITICAL - 2025-07-13 13:58:11 --> CodeIgniter\View\Exceptions\ViewException: Invalid file: "admin/users/index.php"
[Method: GET, Route: admin/users]
in SYSTEMPATH\Exceptions\FrameworkException.php on line 39.
 1 SYSTEMPATH\View\View.php(212): CodeIgniter\Exceptions\FrameworkException::forInvalidFile('admin/users/index.php')
 2 SYSTEMPATH\Common.php(1173): CodeIgniter\View\View->render('admin/users/index', [], true)
 3 APPPATH\Controllers\AdminController.php(265): view('admin/users/index', [...])
 4 SYSTEMPATH\CodeIgniter.php(933): App\Controllers\AdminController->users()
 5 SYSTEMPATH\CodeIgniter.php(507): CodeIgniter\CodeIgniter->runController(Object(App\Controllers\AdminController))
 6 SYSTEMPATH\CodeIgniter.php(354): CodeIgniter\CodeIgniter->handleRequest(null, Object(Config\Cache), false)
 7 SYSTEMPATH\Boot.php(334): CodeIgniter\CodeIgniter->run()
 8 SYSTEMPATH\Boot.php(67): CodeIgniter\Boot::runCodeIgniter(Object(CodeIgniter\CodeIgniter))
 9 FCPATH\index.php(59): CodeIgniter\Boot::bootWeb(Object(Config\Paths))
10 SYSTEMPATH\rewrite.php(44): require_once('C:\\xampp\\htdocs\\Eventra1\\public\\index.php')
CRITICAL - 2025-07-13 13:59:05 --> CodeIgniter\View\Exceptions\ViewException: Invalid file: "admin/users/index.php"
[Method: GET, Route: admin/users]
in SYSTEMPATH\Exceptions\FrameworkException.php on line 39.
 1 SYSTEMPATH\View\View.php(212): CodeIgniter\Exceptions\FrameworkException::forInvalidFile('admin/users/index.php')
 2 SYSTEMPATH\Common.php(1173): CodeIgniter\View\View->render('admin/users/index', [], true)
 3 APPPATH\Controllers\AdminController.php(265): view('admin/users/index', [...])
 4 SYSTEMPATH\CodeIgniter.php(933): App\Controllers\AdminController->users()
 5 SYSTEMPATH\CodeIgniter.php(507): CodeIgniter\CodeIgniter->runController(Object(App\Controllers\AdminController))
 6 SYSTEMPATH\CodeIgniter.php(354): CodeIgniter\CodeIgniter->handleRequest(null, Object(Config\Cache), false)
 7 SYSTEMPATH\Boot.php(334): CodeIgniter\CodeIgniter->run()
 8 SYSTEMPATH\Boot.php(67): CodeIgniter\Boot::runCodeIgniter(Object(CodeIgniter\CodeIgniter))
 9 FCPATH\index.php(59): CodeIgniter\Boot::bootWeb(Object(Config\Paths))
10 SYSTEMPATH\rewrite.php(44): require_once('C:\\xampp\\htdocs\\Eventra1\\public\\index.php')
CRITICAL - 2025-07-13 13:59:08 --> CodeIgniter\View\Exceptions\ViewException: Invalid file: "admin/reports/index.php"
[Method: GET, Route: admin/reports]
in SYSTEMPATH\Exceptions\FrameworkException.php on line 39.
 1 SYSTEMPATH\View\View.php(212): CodeIgniter\Exceptions\FrameworkException::forInvalidFile('admin/reports/index.php')
 2 SYSTEMPATH\Common.php(1173): CodeIgniter\View\View->render('admin/reports/index', [], true)
 3 APPPATH\Controllers\AdminController.php(317): view('admin/reports/index', [...])
 4 SYSTEMPATH\CodeIgniter.php(933): App\Controllers\AdminController->reports()
 5 SYSTEMPATH\CodeIgniter.php(507): CodeIgniter\CodeIgniter->runController(Object(App\Controllers\AdminController))
 6 SYSTEMPATH\CodeIgniter.php(354): CodeIgniter\CodeIgniter->handleRequest(null, Object(Config\Cache), false)
 7 SYSTEMPATH\Boot.php(334): CodeIgniter\CodeIgniter->run()
 8 SYSTEMPATH\Boot.php(67): CodeIgniter\Boot::runCodeIgniter(Object(CodeIgniter\CodeIgniter))
 9 FCPATH\index.php(59): CodeIgniter\Boot::bootWeb(Object(Config\Paths))
10 SYSTEMPATH\rewrite.php(44): require_once('C:\\xampp\\htdocs\\Eventra1\\public\\index.php')
CRITICAL - 2025-07-13 14:02:43 --> ErrorException: Undefined variable $stats
[Method: GET, Route: admin/users]
in APPPATH\Views\admin\users.php on line 24.
 1 APPPATH\Views\admin\users.php(24): CodeIgniter\Debug\Exceptions->errorHandler(2, 'Undefined variable $stats', 'C:\\xampp\\htdocs\\Eventra1\\app\\Views\\admin\\users.php', 24)
 2 SYSTEMPATH\View\View.php(224): include('C:\\xampp\\htdocs\\Eventra1\\app\\Views\\admin\\users.php')
 3 SYSTEMPATH\View\View.php(227): CodeIgniter\View\View->CodeIgniter\View\{closure}()
 4 SYSTEMPATH\Common.php(1173): CodeIgniter\View\View->render('admin/users', [], true)
 5 APPPATH\Controllers\AdminController.php(265): view('admin/users', [...])
 6 SYSTEMPATH\CodeIgniter.php(933): App\Controllers\AdminController->users()
 7 SYSTEMPATH\CodeIgniter.php(507): CodeIgniter\CodeIgniter->runController(Object(App\Controllers\AdminController))
 8 SYSTEMPATH\CodeIgniter.php(354): CodeIgniter\CodeIgniter->handleRequest(null, Object(Config\Cache), false)
 9 SYSTEMPATH\Boot.php(334): CodeIgniter\CodeIgniter->run()
10 SYSTEMPATH\Boot.php(67): CodeIgniter\Boot::runCodeIgniter(Object(CodeIgniter\CodeIgniter))
11 FCPATH\index.php(59): CodeIgniter\Boot::bootWeb(Object(Config\Paths))
12 SYSTEMPATH\rewrite.php(44): require_once('C:\\xampp\\htdocs\\Eventra1\\public\\index.php')
CRITICAL - 2025-07-13 14:02:46 --> ErrorException: Undefined variable $stats
[Method: GET, Route: admin/users]
in APPPATH\Views\admin\users.php on line 24.
 1 APPPATH\Views\admin\users.php(24): CodeIgniter\Debug\Exceptions->errorHandler(2, 'Undefined variable $stats', 'C:\\xampp\\htdocs\\Eventra1\\app\\Views\\admin\\users.php', 24)
 2 SYSTEMPATH\View\View.php(224): include('C:\\xampp\\htdocs\\Eventra1\\app\\Views\\admin\\users.php')
 3 SYSTEMPATH\View\View.php(227): CodeIgniter\View\View->CodeIgniter\View\{closure}()
 4 SYSTEMPATH\Common.php(1173): CodeIgniter\View\View->render('admin/users', [], true)
 5 APPPATH\Controllers\AdminController.php(265): view('admin/users', [...])
 6 SYSTEMPATH\CodeIgniter.php(933): App\Controllers\AdminController->users()
 7 SYSTEMPATH\CodeIgniter.php(507): CodeIgniter\CodeIgniter->runController(Object(App\Controllers\AdminController))
 8 SYSTEMPATH\CodeIgniter.php(354): CodeIgniter\CodeIgniter->handleRequest(null, Object(Config\Cache), false)
 9 SYSTEMPATH\Boot.php(334): CodeIgniter\CodeIgniter->run()
10 SYSTEMPATH\Boot.php(67): CodeIgniter\Boot::runCodeIgniter(Object(CodeIgniter\CodeIgniter))
11 FCPATH\index.php(59): CodeIgniter\Boot::bootWeb(Object(Config\Paths))
12 SYSTEMPATH\rewrite.php(44): require_once('C:\\xampp\\htdocs\\Eventra1\\public\\index.php')
ERROR - 2025-07-13 14:05:08 --> mysqli_sql_exception: Unknown column 'users.deleted_at' in 'where clause' in C:\xampp\htdocs\Eventra1\system\Database\MySQLi\Connection.php:327
Stack trace:
#0 C:\xampp\htdocs\Eventra1\system\Database\MySQLi\Connection.php(327): mysqli->query('SELECT *\nFROM `...', 0)
#1 C:\xampp\htdocs\Eventra1\system\Database\BaseConnection.php(738): CodeIgniter\Database\MySQLi\Connection->execute('SELECT *\nFROM `...')
#2 C:\xampp\htdocs\Eventra1\system\Database\BaseConnection.php(652): CodeIgniter\Database\BaseConnection->simpleQuery('SELECT *\nFROM `...')
#3 C:\xampp\htdocs\Eventra1\system\Database\BaseBuilder.php(1649): CodeIgniter\Database\BaseConnection->query('SELECT *\nFROM `...', Array, false)
#4 C:\xampp\htdocs\Eventra1\system\Model.php(210): CodeIgniter\Database\BaseBuilder->get()
#5 C:\xampp\htdocs\Eventra1\system\BaseModel.php(613): CodeIgniter\Model->doFind(true, '1')
#6 C:\xampp\htdocs\Eventra1\app\Controllers\AuthController.php(135): CodeIgniter\BaseModel->find('1')
#7 C:\xampp\htdocs\Eventra1\system\CodeIgniter.php(933): App\Controllers\AuthController->profile()
#8 C:\xampp\htdocs\Eventra1\system\CodeIgniter.php(507): CodeIgniter\CodeIgniter->runController(Object(App\Controllers\AuthController))
#9 C:\xampp\htdocs\Eventra1\system\CodeIgniter.php(354): CodeIgniter\CodeIgniter->handleRequest(NULL, Object(Config\Cache), false)
#10 C:\xampp\htdocs\Eventra1\system\Boot.php(334): CodeIgniter\CodeIgniter->run()
#11 C:\xampp\htdocs\Eventra1\system\Boot.php(67): CodeIgniter\Boot::runCodeIgniter(Object(CodeIgniter\CodeIgniter))
#12 C:\xampp\htdocs\Eventra1\public\index.php(59): CodeIgniter\Boot::bootWeb(Object(Config\Paths))
#13 C:\xampp\htdocs\Eventra1\system\rewrite.php(44): require_once('C:\\xampp\\htdocs...')
#14 {main}
CRITICAL - 2025-07-13 14:05:08 --> CodeIgniter\Database\Exceptions\DatabaseException: Unknown column 'users.deleted_at' in 'where clause'
[Method: GET, Route: auth/profile]
in SYSTEMPATH\Database\BaseConnection.php on line 692.
 1 SYSTEMPATH\Database\BaseBuilder.php(1649): CodeIgniter\Database\BaseConnection->query('SELECT *
FROM `users`
WHERE `users`.`deleted_at` IS NULL
AND `users`.`id` = :users.id:', [...], false)
 2 SYSTEMPATH\Model.php(210): CodeIgniter\Database\BaseBuilder->get()
 3 SYSTEMPATH\BaseModel.php(613): CodeIgniter\Model->doFind(true, '1')
 4 APPPATH\Controllers\AuthController.php(135): CodeIgniter\BaseModel->find('1')
 5 SYSTEMPATH\CodeIgniter.php(933): App\Controllers\AuthController->profile()
 6 SYSTEMPATH\CodeIgniter.php(507): CodeIgniter\CodeIgniter->runController(Object(App\Controllers\AuthController))
 7 SYSTEMPATH\CodeIgniter.php(354): CodeIgniter\CodeIgniter->handleRequest(null, Object(Config\Cache), false)
 8 SYSTEMPATH\Boot.php(334): CodeIgniter\CodeIgniter->run()
 9 SYSTEMPATH\Boot.php(67): CodeIgniter\Boot::runCodeIgniter(Object(CodeIgniter\CodeIgniter))
10 FCPATH\index.php(59): CodeIgniter\Boot::bootWeb(Object(Config\Paths))
11 SYSTEMPATH\rewrite.php(44): require_once('C:\\xampp\\htdocs\\Eventra1\\public\\index.php')
CRITICAL - 2025-07-13 14:05:08 --> [Caused by] CodeIgniter\Database\Exceptions\DatabaseException: Unknown column 'users.deleted_at' in 'where clause'
in SYSTEMPATH\Database\MySQLi\Connection.php on line 332.
 1 SYSTEMPATH\Database\BaseConnection.php(738): CodeIgniter\Database\MySQLi\Connection->execute('SELECT *
FROM `users`
WHERE `users`.`deleted_at` IS NULL
AND `users`.`id` = \'1\'')
 2 SYSTEMPATH\Database\BaseConnection.php(652): CodeIgniter\Database\BaseConnection->simpleQuery('SELECT *
FROM `users`
WHERE `users`.`deleted_at` IS NULL
AND `users`.`id` = \'1\'')
 3 SYSTEMPATH\Database\BaseBuilder.php(1649): CodeIgniter\Database\BaseConnection->query('SELECT *
FROM `users`
WHERE `users`.`deleted_at` IS NULL
AND `users`.`id` = :users.id:', [...], false)
 4 SYSTEMPATH\Model.php(210): CodeIgniter\Database\BaseBuilder->get()
 5 SYSTEMPATH\BaseModel.php(613): CodeIgniter\Model->doFind(true, '1')
 6 APPPATH\Controllers\AuthController.php(135): CodeIgniter\BaseModel->find('1')
 7 SYSTEMPATH\CodeIgniter.php(933): App\Controllers\AuthController->profile()
 8 SYSTEMPATH\CodeIgniter.php(507): CodeIgniter\CodeIgniter->runController(Object(App\Controllers\AuthController))
 9 SYSTEMPATH\CodeIgniter.php(354): CodeIgniter\CodeIgniter->handleRequest(null, Object(Config\Cache), false)
10 SYSTEMPATH\Boot.php(334): CodeIgniter\CodeIgniter->run()
11 SYSTEMPATH\Boot.php(67): CodeIgniter\Boot::runCodeIgniter(Object(CodeIgniter\CodeIgniter))
12 FCPATH\index.php(59): CodeIgniter\Boot::bootWeb(Object(Config\Paths))
13 SYSTEMPATH\rewrite.php(44): require_once('C:\\xampp\\htdocs\\Eventra1\\public\\index.php')
CRITICAL - 2025-07-13 14:05:08 --> [Caused by] mysqli_sql_exception: Unknown column 'users.deleted_at' in 'where clause'
in SYSTEMPATH\Database\MySQLi\Connection.php on line 327.
 1 SYSTEMPATH\Database\MySQLi\Connection.php(327): mysqli->query('SELECT *
FROM `users`
WHERE `users`.`deleted_at` IS NULL
AND `users`.`id` = \'1\'', 0)
 2 SYSTEMPATH\Database\BaseConnection.php(738): CodeIgniter\Database\MySQLi\Connection->execute('SELECT *
FROM `users`
WHERE `users`.`deleted_at` IS NULL
AND `users`.`id` = \'1\'')
 3 SYSTEMPATH\Database\BaseConnection.php(652): CodeIgniter\Database\BaseConnection->simpleQuery('SELECT *
FROM `users`
WHERE `users`.`deleted_at` IS NULL
AND `users`.`id` = \'1\'')
 4 SYSTEMPATH\Database\BaseBuilder.php(1649): CodeIgniter\Database\BaseConnection->query('SELECT *
FROM `users`
WHERE `users`.`deleted_at` IS NULL
AND `users`.`id` = :users.id:', [...], false)
 5 SYSTEMPATH\Model.php(210): CodeIgniter\Database\BaseBuilder->get()
 6 SYSTEMPATH\BaseModel.php(613): CodeIgniter\Model->doFind(true, '1')
 7 APPPATH\Controllers\AuthController.php(135): CodeIgniter\BaseModel->find('1')
 8 SYSTEMPATH\CodeIgniter.php(933): App\Controllers\AuthController->profile()
 9 SYSTEMPATH\CodeIgniter.php(507): CodeIgniter\CodeIgniter->runController(Object(App\Controllers\AuthController))
10 SYSTEMPATH\CodeIgniter.php(354): CodeIgniter\CodeIgniter->handleRequest(null, Object(Config\Cache), false)
11 SYSTEMPATH\Boot.php(334): CodeIgniter\CodeIgniter->run()
12 SYSTEMPATH\Boot.php(67): CodeIgniter\Boot::runCodeIgniter(Object(CodeIgniter\CodeIgniter))
13 FCPATH\index.php(59): CodeIgniter\Boot::bootWeb(Object(Config\Paths))
14 SYSTEMPATH\rewrite.php(44): require_once('C:\\xampp\\htdocs\\Eventra1\\public\\index.php')
ERROR - 2025-07-13 14:10:04 --> mysqli_sql_exception: Unknown column 'users.deleted_at' in 'where clause' in C:\xampp\htdocs\Eventra1\system\Database\MySQLi\Connection.php:327
Stack trace:
#0 C:\xampp\htdocs\Eventra1\system\Database\MySQLi\Connection.php(327): mysqli->query('SELECT *\nFROM `...', 0)
#1 C:\xampp\htdocs\Eventra1\system\Database\BaseConnection.php(738): CodeIgniter\Database\MySQLi\Connection->execute('SELECT *\nFROM `...')
#2 C:\xampp\htdocs\Eventra1\system\Database\BaseConnection.php(652): CodeIgniter\Database\BaseConnection->simpleQuery('SELECT *\nFROM `...')
#3 C:\xampp\htdocs\Eventra1\system\Database\BaseBuilder.php(1649): CodeIgniter\Database\BaseConnection->query('SELECT *\nFROM `...', Array, false)
#4 C:\xampp\htdocs\Eventra1\system\Model.php(286): CodeIgniter\Database\BaseBuilder->get()
#5 C:\xampp\htdocs\Eventra1\system\BaseModel.php(679): CodeIgniter\Model->doFindAll(0, 0)
#6 C:\xampp\htdocs\Eventra1\app\Controllers\AdminController.php(260): CodeIgniter\BaseModel->findAll()
#7 C:\xampp\htdocs\Eventra1\system\CodeIgniter.php(933): App\Controllers\AdminController->users()
#8 C:\xampp\htdocs\Eventra1\system\CodeIgniter.php(507): CodeIgniter\CodeIgniter->runController(Object(App\Controllers\AdminController))
#9 C:\xampp\htdocs\Eventra1\system\CodeIgniter.php(354): CodeIgniter\CodeIgniter->handleRequest(NULL, Object(Config\Cache), false)
#10 C:\xampp\htdocs\Eventra1\system\Boot.php(334): CodeIgniter\CodeIgniter->run()
#11 C:\xampp\htdocs\Eventra1\system\Boot.php(67): CodeIgniter\Boot::runCodeIgniter(Object(CodeIgniter\CodeIgniter))
#12 C:\xampp\htdocs\Eventra1\public\index.php(59): CodeIgniter\Boot::bootWeb(Object(Config\Paths))
#13 C:\xampp\htdocs\Eventra1\system\rewrite.php(44): require_once('C:\\xampp\\htdocs...')
#14 {main}
CRITICAL - 2025-07-13 14:10:04 --> CodeIgniter\Database\Exceptions\DatabaseException: Unknown column 'users.deleted_at' in 'where clause'
[Method: GET, Route: admin/users]
in SYSTEMPATH\Database\BaseConnection.php on line 692.
 1 SYSTEMPATH\Database\BaseBuilder.php(1649): CodeIgniter\Database\BaseConnection->query('SELECT *
FROM `users`
WHERE `users`.`deleted_at` IS NULL
ORDER BY `created_at` DESC', [], false)
 2 SYSTEMPATH\Model.php(286): CodeIgniter\Database\BaseBuilder->get()
 3 SYSTEMPATH\BaseModel.php(679): CodeIgniter\Model->doFindAll(0, 0)
 4 APPPATH\Controllers\AdminController.php(260): CodeIgniter\BaseModel->findAll()
 5 SYSTEMPATH\CodeIgniter.php(933): App\Controllers\AdminController->users()
 6 SYSTEMPATH\CodeIgniter.php(507): CodeIgniter\CodeIgniter->runController(Object(App\Controllers\AdminController))
 7 SYSTEMPATH\CodeIgniter.php(354): CodeIgniter\CodeIgniter->handleRequest(null, Object(Config\Cache), false)
 8 SYSTEMPATH\Boot.php(334): CodeIgniter\CodeIgniter->run()
 9 SYSTEMPATH\Boot.php(67): CodeIgniter\Boot::runCodeIgniter(Object(CodeIgniter\CodeIgniter))
10 FCPATH\index.php(59): CodeIgniter\Boot::bootWeb(Object(Config\Paths))
11 SYSTEMPATH\rewrite.php(44): require_once('C:\\xampp\\htdocs\\Eventra1\\public\\index.php')
CRITICAL - 2025-07-13 14:10:04 --> [Caused by] CodeIgniter\Database\Exceptions\DatabaseException: Unknown column 'users.deleted_at' in 'where clause'
in SYSTEMPATH\Database\MySQLi\Connection.php on line 332.
 1 SYSTEMPATH\Database\BaseConnection.php(738): CodeIgniter\Database\MySQLi\Connection->execute('SELECT *
FROM `users`
WHERE `users`.`deleted_at` IS NULL
ORDER BY `created_at` DESC')
 2 SYSTEMPATH\Database\BaseConnection.php(652): CodeIgniter\Database\BaseConnection->simpleQuery('SELECT *
FROM `users`
WHERE `users`.`deleted_at` IS NULL
ORDER BY `created_at` DESC')
 3 SYSTEMPATH\Database\BaseBuilder.php(1649): CodeIgniter\Database\BaseConnection->query('SELECT *
FROM `users`
WHERE `users`.`deleted_at` IS NULL
ORDER BY `created_at` DESC', [], false)
 4 SYSTEMPATH\Model.php(286): CodeIgniter\Database\BaseBuilder->get()
 5 SYSTEMPATH\BaseModel.php(679): CodeIgniter\Model->doFindAll(0, 0)
 6 APPPATH\Controllers\AdminController.php(260): CodeIgniter\BaseModel->findAll()
 7 SYSTEMPATH\CodeIgniter.php(933): App\Controllers\AdminController->users()
 8 SYSTEMPATH\CodeIgniter.php(507): CodeIgniter\CodeIgniter->runController(Object(App\Controllers\AdminController))
 9 SYSTEMPATH\CodeIgniter.php(354): CodeIgniter\CodeIgniter->handleRequest(null, Object(Config\Cache), false)
10 SYSTEMPATH\Boot.php(334): CodeIgniter\CodeIgniter->run()
11 SYSTEMPATH\Boot.php(67): CodeIgniter\Boot::runCodeIgniter(Object(CodeIgniter\CodeIgniter))
12 FCPATH\index.php(59): CodeIgniter\Boot::bootWeb(Object(Config\Paths))
13 SYSTEMPATH\rewrite.php(44): require_once('C:\\xampp\\htdocs\\Eventra1\\public\\index.php')
CRITICAL - 2025-07-13 14:10:04 --> [Caused by] mysqli_sql_exception: Unknown column 'users.deleted_at' in 'where clause'
in SYSTEMPATH\Database\MySQLi\Connection.php on line 327.
 1 SYSTEMPATH\Database\MySQLi\Connection.php(327): mysqli->query('SELECT *
FROM `users`
WHERE `users`.`deleted_at` IS NULL
ORDER BY `created_at` DESC', 0)
 2 SYSTEMPATH\Database\BaseConnection.php(738): CodeIgniter\Database\MySQLi\Connection->execute('SELECT *
FROM `users`
WHERE `users`.`deleted_at` IS NULL
ORDER BY `created_at` DESC')
 3 SYSTEMPATH\Database\BaseConnection.php(652): CodeIgniter\Database\BaseConnection->simpleQuery('SELECT *
FROM `users`
WHERE `users`.`deleted_at` IS NULL
ORDER BY `created_at` DESC')
 4 SYSTEMPATH\Database\BaseBuilder.php(1649): CodeIgniter\Database\BaseConnection->query('SELECT *
FROM `users`
WHERE `users`.`deleted_at` IS NULL
ORDER BY `created_at` DESC', [], false)
 5 SYSTEMPATH\Model.php(286): CodeIgniter\Database\BaseBuilder->get()
 6 SYSTEMPATH\BaseModel.php(679): CodeIgniter\Model->doFindAll(0, 0)
 7 APPPATH\Controllers\AdminController.php(260): CodeIgniter\BaseModel->findAll()
 8 SYSTEMPATH\CodeIgniter.php(933): App\Controllers\AdminController->users()
 9 SYSTEMPATH\CodeIgniter.php(507): CodeIgniter\CodeIgniter->runController(Object(App\Controllers\AdminController))
10 SYSTEMPATH\CodeIgniter.php(354): CodeIgniter\CodeIgniter->handleRequest(null, Object(Config\Cache), false)
11 SYSTEMPATH\Boot.php(334): CodeIgniter\CodeIgniter->run()
12 SYSTEMPATH\Boot.php(67): CodeIgniter\Boot::runCodeIgniter(Object(CodeIgniter\CodeIgniter))
13 FCPATH\index.php(59): CodeIgniter\Boot::bootWeb(Object(Config\Paths))
14 SYSTEMPATH\rewrite.php(44): require_once('C:\\xampp\\htdocs\\Eventra1\\public\\index.php')
ERROR - 2025-07-13 14:10:16 --> mysqli_sql_exception: Unknown column 'users.deleted_at' in 'where clause' in C:\xampp\htdocs\Eventra1\system\Database\MySQLi\Connection.php:327
Stack trace:
#0 C:\xampp\htdocs\Eventra1\system\Database\MySQLi\Connection.php(327): mysqli->query('SELECT *\nFROM `...', 0)
#1 C:\xampp\htdocs\Eventra1\system\Database\BaseConnection.php(738): CodeIgniter\Database\MySQLi\Connection->execute('SELECT *\nFROM `...')
#2 C:\xampp\htdocs\Eventra1\system\Database\BaseConnection.php(652): CodeIgniter\Database\BaseConnection->simpleQuery('SELECT *\nFROM `...')
#3 C:\xampp\htdocs\Eventra1\system\Database\BaseBuilder.php(1649): CodeIgniter\Database\BaseConnection->query('SELECT *\nFROM `...', Array, false)
#4 C:\xampp\htdocs\Eventra1\system\Model.php(286): CodeIgniter\Database\BaseBuilder->get()
#5 C:\xampp\htdocs\Eventra1\system\BaseModel.php(679): CodeIgniter\Model->doFindAll(0, 0)
#6 C:\xampp\htdocs\Eventra1\app\Controllers\AdminController.php(260): CodeIgniter\BaseModel->findAll()
#7 C:\xampp\htdocs\Eventra1\system\CodeIgniter.php(933): App\Controllers\AdminController->users()
#8 C:\xampp\htdocs\Eventra1\system\CodeIgniter.php(507): CodeIgniter\CodeIgniter->runController(Object(App\Controllers\AdminController))
#9 C:\xampp\htdocs\Eventra1\system\CodeIgniter.php(354): CodeIgniter\CodeIgniter->handleRequest(NULL, Object(Config\Cache), false)
#10 C:\xampp\htdocs\Eventra1\system\Boot.php(334): CodeIgniter\CodeIgniter->run()
#11 C:\xampp\htdocs\Eventra1\system\Boot.php(67): CodeIgniter\Boot::runCodeIgniter(Object(CodeIgniter\CodeIgniter))
#12 C:\xampp\htdocs\Eventra1\public\index.php(59): CodeIgniter\Boot::bootWeb(Object(Config\Paths))
#13 C:\xampp\htdocs\Eventra1\system\rewrite.php(44): require_once('C:\\xampp\\htdocs...')
#14 {main}
CRITICAL - 2025-07-13 14:10:16 --> CodeIgniter\Database\Exceptions\DatabaseException: Unknown column 'users.deleted_at' in 'where clause'
[Method: GET, Route: admin/users]
in SYSTEMPATH\Database\BaseConnection.php on line 692.
 1 SYSTEMPATH\Database\BaseBuilder.php(1649): CodeIgniter\Database\BaseConnection->query('SELECT *
FROM `users`
WHERE `users`.`deleted_at` IS NULL
ORDER BY `created_at` DESC', [], false)
 2 SYSTEMPATH\Model.php(286): CodeIgniter\Database\BaseBuilder->get()
 3 SYSTEMPATH\BaseModel.php(679): CodeIgniter\Model->doFindAll(0, 0)
 4 APPPATH\Controllers\AdminController.php(260): CodeIgniter\BaseModel->findAll()
 5 SYSTEMPATH\CodeIgniter.php(933): App\Controllers\AdminController->users()
 6 SYSTEMPATH\CodeIgniter.php(507): CodeIgniter\CodeIgniter->runController(Object(App\Controllers\AdminController))
 7 SYSTEMPATH\CodeIgniter.php(354): CodeIgniter\CodeIgniter->handleRequest(null, Object(Config\Cache), false)
 8 SYSTEMPATH\Boot.php(334): CodeIgniter\CodeIgniter->run()
 9 SYSTEMPATH\Boot.php(67): CodeIgniter\Boot::runCodeIgniter(Object(CodeIgniter\CodeIgniter))
10 FCPATH\index.php(59): CodeIgniter\Boot::bootWeb(Object(Config\Paths))
11 SYSTEMPATH\rewrite.php(44): require_once('C:\\xampp\\htdocs\\Eventra1\\public\\index.php')
CRITICAL - 2025-07-13 14:10:16 --> [Caused by] CodeIgniter\Database\Exceptions\DatabaseException: Unknown column 'users.deleted_at' in 'where clause'
in SYSTEMPATH\Database\MySQLi\Connection.php on line 332.
 1 SYSTEMPATH\Database\BaseConnection.php(738): CodeIgniter\Database\MySQLi\Connection->execute('SELECT *
FROM `users`
WHERE `users`.`deleted_at` IS NULL
ORDER BY `created_at` DESC')
 2 SYSTEMPATH\Database\BaseConnection.php(652): CodeIgniter\Database\BaseConnection->simpleQuery('SELECT *
FROM `users`
WHERE `users`.`deleted_at` IS NULL
ORDER BY `created_at` DESC')
 3 SYSTEMPATH\Database\BaseBuilder.php(1649): CodeIgniter\Database\BaseConnection->query('SELECT *
FROM `users`
WHERE `users`.`deleted_at` IS NULL
ORDER BY `created_at` DESC', [], false)
 4 SYSTEMPATH\Model.php(286): CodeIgniter\Database\BaseBuilder->get()
 5 SYSTEMPATH\BaseModel.php(679): CodeIgniter\Model->doFindAll(0, 0)
 6 APPPATH\Controllers\AdminController.php(260): CodeIgniter\BaseModel->findAll()
 7 SYSTEMPATH\CodeIgniter.php(933): App\Controllers\AdminController->users()
 8 SYSTEMPATH\CodeIgniter.php(507): CodeIgniter\CodeIgniter->runController(Object(App\Controllers\AdminController))
 9 SYSTEMPATH\CodeIgniter.php(354): CodeIgniter\CodeIgniter->handleRequest(null, Object(Config\Cache), false)
10 SYSTEMPATH\Boot.php(334): CodeIgniter\CodeIgniter->run()
11 SYSTEMPATH\Boot.php(67): CodeIgniter\Boot::runCodeIgniter(Object(CodeIgniter\CodeIgniter))
12 FCPATH\index.php(59): CodeIgniter\Boot::bootWeb(Object(Config\Paths))
13 SYSTEMPATH\rewrite.php(44): require_once('C:\\xampp\\htdocs\\Eventra1\\public\\index.php')
CRITICAL - 2025-07-13 14:10:16 --> [Caused by] mysqli_sql_exception: Unknown column 'users.deleted_at' in 'where clause'
in SYSTEMPATH\Database\MySQLi\Connection.php on line 327.
 1 SYSTEMPATH\Database\MySQLi\Connection.php(327): mysqli->query('SELECT *
FROM `users`
WHERE `users`.`deleted_at` IS NULL
ORDER BY `created_at` DESC', 0)
 2 SYSTEMPATH\Database\BaseConnection.php(738): CodeIgniter\Database\MySQLi\Connection->execute('SELECT *
FROM `users`
WHERE `users`.`deleted_at` IS NULL
ORDER BY `created_at` DESC')
 3 SYSTEMPATH\Database\BaseConnection.php(652): CodeIgniter\Database\BaseConnection->simpleQuery('SELECT *
FROM `users`
WHERE `users`.`deleted_at` IS NULL
ORDER BY `created_at` DESC')
 4 SYSTEMPATH\Database\BaseBuilder.php(1649): CodeIgniter\Database\BaseConnection->query('SELECT *
FROM `users`
WHERE `users`.`deleted_at` IS NULL
ORDER BY `created_at` DESC', [], false)
 5 SYSTEMPATH\Model.php(286): CodeIgniter\Database\BaseBuilder->get()
 6 SYSTEMPATH\BaseModel.php(679): CodeIgniter\Model->doFindAll(0, 0)
 7 APPPATH\Controllers\AdminController.php(260): CodeIgniter\BaseModel->findAll()
 8 SYSTEMPATH\CodeIgniter.php(933): App\Controllers\AdminController->users()
 9 SYSTEMPATH\CodeIgniter.php(507): CodeIgniter\CodeIgniter->runController(Object(App\Controllers\AdminController))
10 SYSTEMPATH\CodeIgniter.php(354): CodeIgniter\CodeIgniter->handleRequest(null, Object(Config\Cache), false)
11 SYSTEMPATH\Boot.php(334): CodeIgniter\CodeIgniter->run()
12 SYSTEMPATH\Boot.php(67): CodeIgniter\Boot::runCodeIgniter(Object(CodeIgniter\CodeIgniter))
13 FCPATH\index.php(59): CodeIgniter\Boot::bootWeb(Object(Config\Paths))
14 SYSTEMPATH\rewrite.php(44): require_once('C:\\xampp\\htdocs\\Eventra1\\public\\index.php')
ERROR - 2025-07-13 14:12:29 --> mysqli_sql_exception: Unknown column 'users.deleted_at' in 'where clause' in C:\xampp\htdocs\Eventra1\system\Database\MySQLi\Connection.php:327
Stack trace:
#0 C:\xampp\htdocs\Eventra1\system\Database\MySQLi\Connection.php(327): mysqli->query('SELECT *\nFROM `...', 0)
#1 C:\xampp\htdocs\Eventra1\system\Database\BaseConnection.php(738): CodeIgniter\Database\MySQLi\Connection->execute('SELECT *\nFROM `...')
#2 C:\xampp\htdocs\Eventra1\system\Database\BaseConnection.php(652): CodeIgniter\Database\BaseConnection->simpleQuery('SELECT *\nFROM `...')
#3 C:\xampp\htdocs\Eventra1\system\Database\BaseBuilder.php(1649): CodeIgniter\Database\BaseConnection->query('SELECT *\nFROM `...', Array, false)
#4 C:\xampp\htdocs\Eventra1\system\Model.php(286): CodeIgniter\Database\BaseBuilder->get()
#5 C:\xampp\htdocs\Eventra1\system\BaseModel.php(679): CodeIgniter\Model->doFindAll(0, 0)
#6 C:\xampp\htdocs\Eventra1\app\Controllers\AdminController.php(260): CodeIgniter\BaseModel->findAll()
#7 C:\xampp\htdocs\Eventra1\system\CodeIgniter.php(933): App\Controllers\AdminController->users()
#8 C:\xampp\htdocs\Eventra1\system\CodeIgniter.php(507): CodeIgniter\CodeIgniter->runController(Object(App\Controllers\AdminController))
#9 C:\xampp\htdocs\Eventra1\system\CodeIgniter.php(354): CodeIgniter\CodeIgniter->handleRequest(NULL, Object(Config\Cache), false)
#10 C:\xampp\htdocs\Eventra1\system\Boot.php(334): CodeIgniter\CodeIgniter->run()
#11 C:\xampp\htdocs\Eventra1\system\Boot.php(67): CodeIgniter\Boot::runCodeIgniter(Object(CodeIgniter\CodeIgniter))
#12 C:\xampp\htdocs\Eventra1\public\index.php(59): CodeIgniter\Boot::bootWeb(Object(Config\Paths))
#13 C:\xampp\htdocs\Eventra1\system\rewrite.php(44): require_once('C:\\xampp\\htdocs...')
#14 {main}
CRITICAL - 2025-07-13 14:12:30 --> CodeIgniter\Database\Exceptions\DatabaseException: Unknown column 'users.deleted_at' in 'where clause'
[Method: GET, Route: admin/users]
in SYSTEMPATH\Database\BaseConnection.php on line 692.
 1 SYSTEMPATH\Database\BaseBuilder.php(1649): CodeIgniter\Database\BaseConnection->query('SELECT *
FROM `users`
WHERE `users`.`deleted_at` IS NULL
ORDER BY `created_at` DESC', [], false)
 2 SYSTEMPATH\Model.php(286): CodeIgniter\Database\BaseBuilder->get()
 3 SYSTEMPATH\BaseModel.php(679): CodeIgniter\Model->doFindAll(0, 0)
 4 APPPATH\Controllers\AdminController.php(260): CodeIgniter\BaseModel->findAll()
 5 SYSTEMPATH\CodeIgniter.php(933): App\Controllers\AdminController->users()
 6 SYSTEMPATH\CodeIgniter.php(507): CodeIgniter\CodeIgniter->runController(Object(App\Controllers\AdminController))
 7 SYSTEMPATH\CodeIgniter.php(354): CodeIgniter\CodeIgniter->handleRequest(null, Object(Config\Cache), false)
 8 SYSTEMPATH\Boot.php(334): CodeIgniter\CodeIgniter->run()
 9 SYSTEMPATH\Boot.php(67): CodeIgniter\Boot::runCodeIgniter(Object(CodeIgniter\CodeIgniter))
10 FCPATH\index.php(59): CodeIgniter\Boot::bootWeb(Object(Config\Paths))
11 SYSTEMPATH\rewrite.php(44): require_once('C:\\xampp\\htdocs\\Eventra1\\public\\index.php')
CRITICAL - 2025-07-13 14:12:30 --> [Caused by] CodeIgniter\Database\Exceptions\DatabaseException: Unknown column 'users.deleted_at' in 'where clause'
in SYSTEMPATH\Database\MySQLi\Connection.php on line 332.
 1 SYSTEMPATH\Database\BaseConnection.php(738): CodeIgniter\Database\MySQLi\Connection->execute('SELECT *
FROM `users`
WHERE `users`.`deleted_at` IS NULL
ORDER BY `created_at` DESC')
 2 SYSTEMPATH\Database\BaseConnection.php(652): CodeIgniter\Database\BaseConnection->simpleQuery('SELECT *
FROM `users`
WHERE `users`.`deleted_at` IS NULL
ORDER BY `created_at` DESC')
 3 SYSTEMPATH\Database\BaseBuilder.php(1649): CodeIgniter\Database\BaseConnection->query('SELECT *
FROM `users`
WHERE `users`.`deleted_at` IS NULL
ORDER BY `created_at` DESC', [], false)
 4 SYSTEMPATH\Model.php(286): CodeIgniter\Database\BaseBuilder->get()
 5 SYSTEMPATH\BaseModel.php(679): CodeIgniter\Model->doFindAll(0, 0)
 6 APPPATH\Controllers\AdminController.php(260): CodeIgniter\BaseModel->findAll()
 7 SYSTEMPATH\CodeIgniter.php(933): App\Controllers\AdminController->users()
 8 SYSTEMPATH\CodeIgniter.php(507): CodeIgniter\CodeIgniter->runController(Object(App\Controllers\AdminController))
 9 SYSTEMPATH\CodeIgniter.php(354): CodeIgniter\CodeIgniter->handleRequest(null, Object(Config\Cache), false)
10 SYSTEMPATH\Boot.php(334): CodeIgniter\CodeIgniter->run()
11 SYSTEMPATH\Boot.php(67): CodeIgniter\Boot::runCodeIgniter(Object(CodeIgniter\CodeIgniter))
12 FCPATH\index.php(59): CodeIgniter\Boot::bootWeb(Object(Config\Paths))
13 SYSTEMPATH\rewrite.php(44): require_once('C:\\xampp\\htdocs\\Eventra1\\public\\index.php')
CRITICAL - 2025-07-13 14:12:30 --> [Caused by] mysqli_sql_exception: Unknown column 'users.deleted_at' in 'where clause'
in SYSTEMPATH\Database\MySQLi\Connection.php on line 327.
 1 SYSTEMPATH\Database\MySQLi\Connection.php(327): mysqli->query('SELECT *
FROM `users`
WHERE `users`.`deleted_at` IS NULL
ORDER BY `created_at` DESC', 0)
 2 SYSTEMPATH\Database\BaseConnection.php(738): CodeIgniter\Database\MySQLi\Connection->execute('SELECT *
FROM `users`
WHERE `users`.`deleted_at` IS NULL
ORDER BY `created_at` DESC')
 3 SYSTEMPATH\Database\BaseConnection.php(652): CodeIgniter\Database\BaseConnection->simpleQuery('SELECT *
FROM `users`
WHERE `users`.`deleted_at` IS NULL
ORDER BY `created_at` DESC')
 4 SYSTEMPATH\Database\BaseBuilder.php(1649): CodeIgniter\Database\BaseConnection->query('SELECT *
FROM `users`
WHERE `users`.`deleted_at` IS NULL
ORDER BY `created_at` DESC', [], false)
 5 SYSTEMPATH\Model.php(286): CodeIgniter\Database\BaseBuilder->get()
 6 SYSTEMPATH\BaseModel.php(679): CodeIgniter\Model->doFindAll(0, 0)
 7 APPPATH\Controllers\AdminController.php(260): CodeIgniter\BaseModel->findAll()
 8 SYSTEMPATH\CodeIgniter.php(933): App\Controllers\AdminController->users()
 9 SYSTEMPATH\CodeIgniter.php(507): CodeIgniter\CodeIgniter->runController(Object(App\Controllers\AdminController))
10 SYSTEMPATH\CodeIgniter.php(354): CodeIgniter\CodeIgniter->handleRequest(null, Object(Config\Cache), false)
11 SYSTEMPATH\Boot.php(334): CodeIgniter\CodeIgniter->run()
12 SYSTEMPATH\Boot.php(67): CodeIgniter\Boot::runCodeIgniter(Object(CodeIgniter\CodeIgniter))
13 FCPATH\index.php(59): CodeIgniter\Boot::bootWeb(Object(Config\Paths))
14 SYSTEMPATH\rewrite.php(44): require_once('C:\\xampp\\htdocs\\Eventra1\\public\\index.php')
CRITICAL - 2025-07-13 14:14:14 --> ValueError: max(): Argument #1 ($value) must contain at least one element
[Method: GET, Route: admin/users]
in APPPATH\Views\admin\users.php on line 240.
 1 APPPATH\Views\admin\users.php(240): max([])
 2 SYSTEMPATH\View\View.php(224): include('C:\\xampp\\htdocs\\Eventra1\\app\\Views\\admin\\users.php')
 3 SYSTEMPATH\View\View.php(227): CodeIgniter\View\View->CodeIgniter\View\{closure}()
 4 SYSTEMPATH\Common.php(1173): CodeIgniter\View\View->render('admin/users', [], true)
 5 APPPATH\Controllers\AdminController.php(269): view('admin/users', [...])
 6 SYSTEMPATH\CodeIgniter.php(933): App\Controllers\AdminController->users()
 7 SYSTEMPATH\CodeIgniter.php(507): CodeIgniter\CodeIgniter->runController(Object(App\Controllers\AdminController))
 8 SYSTEMPATH\CodeIgniter.php(354): CodeIgniter\CodeIgniter->handleRequest(null, Object(Config\Cache), false)
 9 SYSTEMPATH\Boot.php(334): CodeIgniter\CodeIgniter->run()
10 SYSTEMPATH\Boot.php(67): CodeIgniter\Boot::runCodeIgniter(Object(CodeIgniter\CodeIgniter))
11 FCPATH\index.php(59): CodeIgniter\Boot::bootWeb(Object(Config\Paths))
12 SYSTEMPATH\rewrite.php(44): require_once('C:\\xampp\\htdocs\\Eventra1\\public\\index.php')
CRITICAL - 2025-07-13 14:19:46 --> ErrorException: Undefined variable $stats
[Method: GET, Route: admin/reports]
in APPPATH\Views\admin\reports.php on line 20.
 1 APPPATH\Views\admin\reports.php(20): CodeIgniter\Debug\Exceptions->errorHandler(2, 'Undefined variable $stats', 'C:\\xampp\\htdocs\\Eventra1\\app\\Views\\admin\\reports.php', 20)
 2 SYSTEMPATH\View\View.php(224): include('C:\\xampp\\htdocs\\Eventra1\\app\\Views\\admin\\reports.php')
 3 SYSTEMPATH\View\View.php(227): CodeIgniter\View\View->CodeIgniter\View\{closure}()
 4 SYSTEMPATH\Common.php(1173): CodeIgniter\View\View->render('admin/reports', [], true)
 5 APPPATH\Controllers\AdminController.php(321): view('admin/reports', [...])
 6 SYSTEMPATH\CodeIgniter.php(933): App\Controllers\AdminController->reports()
 7 SYSTEMPATH\CodeIgniter.php(507): CodeIgniter\CodeIgniter->runController(Object(App\Controllers\AdminController))
 8 SYSTEMPATH\CodeIgniter.php(354): CodeIgniter\CodeIgniter->handleRequest(null, Object(Config\Cache), false)
 9 SYSTEMPATH\Boot.php(334): CodeIgniter\CodeIgniter->run()
10 SYSTEMPATH\Boot.php(67): CodeIgniter\Boot::runCodeIgniter(Object(CodeIgniter\CodeIgniter))
11 FCPATH\index.php(59): CodeIgniter\Boot::bootWeb(Object(Config\Paths))
12 SYSTEMPATH\rewrite.php(44): require_once('C:\\xampp\\htdocs\\Eventra1\\public\\index.php')
CRITICAL - 2025-07-13 14:24:22 --> CodeIgniter\Exceptions\InvalidArgumentException: Cache key contains reserved characters {}()/\@:
[Method: GET, Route: admin/events]
in SYSTEMPATH\Cache\Handlers\BaseHandler.php on line 72.
 1 SYSTEMPATH\Cache\Handlers\FileHandler.php(82): CodeIgniter\Cache\Handlers\BaseHandler::validateKey('rate_limit_default_::1', '')
 2 APPPATH\Filters\RateLimitFilter.php(28): CodeIgniter\Cache\Handlers\FileHandler->get('rate_limit_default_::1')
 3 SYSTEMPATH\Filters\Filters.php(241): App\Filters\RateLimitFilter->before(Object(CodeIgniter\HTTP\IncomingRequest), null)
 4 SYSTEMPATH\Filters\Filters.php(221): CodeIgniter\Filters\Filters->runBefore([...])
 5 SYSTEMPATH\CodeIgniter.php(479): CodeIgniter\Filters\Filters->run('admin/events', 'before')
 6 SYSTEMPATH\CodeIgniter.php(354): CodeIgniter\CodeIgniter->handleRequest(null, Object(Config\Cache), false)
 7 SYSTEMPATH\Boot.php(334): CodeIgniter\CodeIgniter->run()
 8 SYSTEMPATH\Boot.php(67): CodeIgniter\Boot::runCodeIgniter(Object(CodeIgniter\CodeIgniter))
 9 FCPATH\index.php(59): CodeIgniter\Boot::bootWeb(Object(Config\Paths))
10 SYSTEMPATH\rewrite.php(44): require_once('C:\\xampp\\htdocs\\Eventra1\\public\\index.php')
CRITICAL - 2025-07-13 14:24:25 --> CodeIgniter\Exceptions\InvalidArgumentException: Cache key contains reserved characters {}()/\@:
[Method: GET, Route: admin/users]
in SYSTEMPATH\Cache\Handlers\BaseHandler.php on line 72.
 1 SYSTEMPATH\Cache\Handlers\FileHandler.php(82): CodeIgniter\Cache\Handlers\BaseHandler::validateKey('rate_limit_default_::1', '')
 2 APPPATH\Filters\RateLimitFilter.php(28): CodeIgniter\Cache\Handlers\FileHandler->get('rate_limit_default_::1')
 3 SYSTEMPATH\Filters\Filters.php(241): App\Filters\RateLimitFilter->before(Object(CodeIgniter\HTTP\IncomingRequest), null)
 4 SYSTEMPATH\Filters\Filters.php(221): CodeIgniter\Filters\Filters->runBefore([...])
 5 SYSTEMPATH\CodeIgniter.php(479): CodeIgniter\Filters\Filters->run('admin/users', 'before')
 6 SYSTEMPATH\CodeIgniter.php(354): CodeIgniter\CodeIgniter->handleRequest(null, Object(Config\Cache), false)
 7 SYSTEMPATH\Boot.php(334): CodeIgniter\CodeIgniter->run()
 8 SYSTEMPATH\Boot.php(67): CodeIgniter\Boot::runCodeIgniter(Object(CodeIgniter\CodeIgniter))
 9 FCPATH\index.php(59): CodeIgniter\Boot::bootWeb(Object(Config\Paths))
10 SYSTEMPATH\rewrite.php(44): require_once('C:\\xampp\\htdocs\\Eventra1\\public\\index.php')
CRITICAL - 2025-07-13 14:24:28 --> CodeIgniter\Exceptions\InvalidArgumentException: Cache key contains reserved characters {}()/\@:
[Method: GET, Route: admin/events]
in SYSTEMPATH\Cache\Handlers\BaseHandler.php on line 72.
 1 SYSTEMPATH\Cache\Handlers\FileHandler.php(82): CodeIgniter\Cache\Handlers\BaseHandler::validateKey('rate_limit_default_::1', '')
 2 APPPATH\Filters\RateLimitFilter.php(28): CodeIgniter\Cache\Handlers\FileHandler->get('rate_limit_default_::1')
 3 SYSTEMPATH\Filters\Filters.php(241): App\Filters\RateLimitFilter->before(Object(CodeIgniter\HTTP\IncomingRequest), null)
 4 SYSTEMPATH\Filters\Filters.php(221): CodeIgniter\Filters\Filters->runBefore([...])
 5 SYSTEMPATH\CodeIgniter.php(479): CodeIgniter\Filters\Filters->run('admin/events', 'before')
 6 SYSTEMPATH\CodeIgniter.php(354): CodeIgniter\CodeIgniter->handleRequest(null, Object(Config\Cache), false)
 7 SYSTEMPATH\Boot.php(334): CodeIgniter\CodeIgniter->run()
 8 SYSTEMPATH\Boot.php(67): CodeIgniter\Boot::runCodeIgniter(Object(CodeIgniter\CodeIgniter))
 9 FCPATH\index.php(59): CodeIgniter\Boot::bootWeb(Object(Config\Paths))
10 SYSTEMPATH\rewrite.php(44): require_once('C:\\xampp\\htdocs\\Eventra1\\public\\index.php')
CRITICAL - 2025-07-13 14:25:23 --> CodeIgniter\Exceptions\InvalidArgumentException: Cache key contains reserved characters {}()/\@:
[Method: GET, Route: admin/events]
in SYSTEMPATH\Cache\Handlers\BaseHandler.php on line 72.
 1 SYSTEMPATH\Cache\Handlers\FileHandler.php(82): CodeIgniter\Cache\Handlers\BaseHandler::validateKey('rate_limit_default_::1', '')
 2 APPPATH\Filters\RateLimitFilter.php(28): CodeIgniter\Cache\Handlers\FileHandler->get('rate_limit_default_::1')
 3 SYSTEMPATH\Filters\Filters.php(241): App\Filters\RateLimitFilter->before(Object(CodeIgniter\HTTP\IncomingRequest), null)
 4 SYSTEMPATH\Filters\Filters.php(221): CodeIgniter\Filters\Filters->runBefore([...])
 5 SYSTEMPATH\CodeIgniter.php(479): CodeIgniter\Filters\Filters->run('admin/events', 'before')
 6 SYSTEMPATH\CodeIgniter.php(354): CodeIgniter\CodeIgniter->handleRequest(null, Object(Config\Cache), false)
 7 SYSTEMPATH\Boot.php(334): CodeIgniter\CodeIgniter->run()
 8 SYSTEMPATH\Boot.php(67): CodeIgniter\Boot::runCodeIgniter(Object(CodeIgniter\CodeIgniter))
 9 FCPATH\index.php(59): CodeIgniter\Boot::bootWeb(Object(Config\Paths))
10 SYSTEMPATH\rewrite.php(44): require_once('C:\\xampp\\htdocs\\Eventra1\\public\\index.php')
CRITICAL - 2025-07-13 14:25:31 --> CodeIgniter\Exceptions\InvalidArgumentException: Cache key contains reserved characters {}()/\@:
[Method: GET, Route: admin/events/create]
in SYSTEMPATH\Cache\Handlers\BaseHandler.php on line 72.
 1 SYSTEMPATH\Cache\Handlers\FileHandler.php(82): CodeIgniter\Cache\Handlers\BaseHandler::validateKey('rate_limit_default_::1', '')
 2 APPPATH\Filters\RateLimitFilter.php(28): CodeIgniter\Cache\Handlers\FileHandler->get('rate_limit_default_::1')
 3 SYSTEMPATH\Filters\Filters.php(241): App\Filters\RateLimitFilter->before(Object(CodeIgniter\HTTP\IncomingRequest), null)
 4 SYSTEMPATH\Filters\Filters.php(221): CodeIgniter\Filters\Filters->runBefore([...])
 5 SYSTEMPATH\CodeIgniter.php(479): CodeIgniter\Filters\Filters->run('admin/events/create', 'before')
 6 SYSTEMPATH\CodeIgniter.php(354): CodeIgniter\CodeIgniter->handleRequest(null, Object(Config\Cache), false)
 7 SYSTEMPATH\Boot.php(334): CodeIgniter\CodeIgniter->run()
 8 SYSTEMPATH\Boot.php(67): CodeIgniter\Boot::runCodeIgniter(Object(CodeIgniter\CodeIgniter))
 9 FCPATH\index.php(59): CodeIgniter\Boot::bootWeb(Object(Config\Paths))
10 SYSTEMPATH\rewrite.php(44): require_once('C:\\xampp\\htdocs\\Eventra1\\public\\index.php')
CRITICAL - 2025-07-13 14:34:55 --> CodeIgniter\Exceptions\InvalidArgumentException: Cache key contains reserved characters {}()/\@:
[Method: GET, Route: admin/events]
in SYSTEMPATH\Cache\Handlers\BaseHandler.php on line 72.
 1 SYSTEMPATH\Cache\Handlers\FileHandler.php(82): CodeIgniter\Cache\Handlers\BaseHandler::validateKey('rate_limit_default_::1', '')
 2 APPPATH\Filters\RateLimitFilter.php(28): CodeIgniter\Cache\Handlers\FileHandler->get('rate_limit_default_::1')
 3 SYSTEMPATH\Filters\Filters.php(241): App\Filters\RateLimitFilter->before(Object(CodeIgniter\HTTP\IncomingRequest), null)
 4 SYSTEMPATH\Filters\Filters.php(221): CodeIgniter\Filters\Filters->runBefore([...])
 5 SYSTEMPATH\CodeIgniter.php(479): CodeIgniter\Filters\Filters->run('admin/events', 'before')
 6 SYSTEMPATH\CodeIgniter.php(354): CodeIgniter\CodeIgniter->handleRequest(null, Object(Config\Cache), false)
 7 SYSTEMPATH\Boot.php(334): CodeIgniter\CodeIgniter->run()
 8 SYSTEMPATH\Boot.php(67): CodeIgniter\Boot::runCodeIgniter(Object(CodeIgniter\CodeIgniter))
 9 FCPATH\index.php(59): CodeIgniter\Boot::bootWeb(Object(Config\Paths))
10 SYSTEMPATH\rewrite.php(44): require_once('C:\\xampp\\htdocs\\Eventra1\\public\\index.php')
CRITICAL - 2025-07-13 14:34:58 --> CodeIgniter\Exceptions\InvalidArgumentException: Cache key contains reserved characters {}()/\@:
[Method: GET, Route: admin/users]
in SYSTEMPATH\Cache\Handlers\BaseHandler.php on line 72.
 1 SYSTEMPATH\Cache\Handlers\FileHandler.php(82): CodeIgniter\Cache\Handlers\BaseHandler::validateKey('rate_limit_default_::1', '')
 2 APPPATH\Filters\RateLimitFilter.php(28): CodeIgniter\Cache\Handlers\FileHandler->get('rate_limit_default_::1')
 3 SYSTEMPATH\Filters\Filters.php(241): App\Filters\RateLimitFilter->before(Object(CodeIgniter\HTTP\IncomingRequest), null)
 4 SYSTEMPATH\Filters\Filters.php(221): CodeIgniter\Filters\Filters->runBefore([...])
 5 SYSTEMPATH\CodeIgniter.php(479): CodeIgniter\Filters\Filters->run('admin/users', 'before')
 6 SYSTEMPATH\CodeIgniter.php(354): CodeIgniter\CodeIgniter->handleRequest(null, Object(Config\Cache), false)
 7 SYSTEMPATH\Boot.php(334): CodeIgniter\CodeIgniter->run()
 8 SYSTEMPATH\Boot.php(67): CodeIgniter\Boot::runCodeIgniter(Object(CodeIgniter\CodeIgniter))
 9 FCPATH\index.php(59): CodeIgniter\Boot::bootWeb(Object(Config\Paths))
10 SYSTEMPATH\rewrite.php(44): require_once('C:\\xampp\\htdocs\\Eventra1\\public\\index.php')
CRITICAL - 2025-07-13 14:42:38 --> ValueError: max(): Argument #1 ($value) must contain at least one element
[Method: GET, Route: admin/users]
in APPPATH\Views\admin\users.php on line 240.
 1 APPPATH\Views\admin\users.php(240): max([])
 2 SYSTEMPATH\View\View.php(224): include('C:\\xampp\\htdocs\\Eventra1\\app\\Views\\admin\\users.php')
 3 SYSTEMPATH\View\View.php(227): CodeIgniter\View\View->CodeIgniter\View\{closure}()
 4 SYSTEMPATH\Common.php(1173): CodeIgniter\View\View->render('admin/users', [], true)
 5 APPPATH\Controllers\AdminController.php(269): view('admin/users', [...])
 6 SYSTEMPATH\CodeIgniter.php(933): App\Controllers\AdminController->users()
 7 SYSTEMPATH\CodeIgniter.php(507): CodeIgniter\CodeIgniter->runController(Object(App\Controllers\AdminController))
 8 SYSTEMPATH\CodeIgniter.php(354): CodeIgniter\CodeIgniter->handleRequest(null, Object(Config\Cache), false)
 9 SYSTEMPATH\Boot.php(334): CodeIgniter\CodeIgniter->run()
10 SYSTEMPATH\Boot.php(67): CodeIgniter\Boot::runCodeIgniter(Object(CodeIgniter\CodeIgniter))
11 FCPATH\index.php(59): CodeIgniter\Boot::bootWeb(Object(Config\Paths))
12 SYSTEMPATH\rewrite.php(44): require_once('C:\\xampp\\htdocs\\Eventra1\\public\\index.php')
CRITICAL - 2025-07-13 14:42:44 --> ErrorException: Undefined variable $stats
[Method: GET, Route: admin/reports]
in APPPATH\Views\admin\reports.php on line 20.
 1 APPPATH\Views\admin\reports.php(20): CodeIgniter\Debug\Exceptions->errorHandler(2, 'Undefined variable $stats', 'C:\\xampp\\htdocs\\Eventra1\\app\\Views\\admin\\reports.php', 20)
 2 SYSTEMPATH\View\View.php(224): include('C:\\xampp\\htdocs\\Eventra1\\app\\Views\\admin\\reports.php')
 3 SYSTEMPATH\View\View.php(227): CodeIgniter\View\View->CodeIgniter\View\{closure}()
 4 SYSTEMPATH\Common.php(1173): CodeIgniter\View\View->render('admin/reports', [], true)
 5 APPPATH\Controllers\AdminController.php(321): view('admin/reports', [...])
 6 SYSTEMPATH\CodeIgniter.php(933): App\Controllers\AdminController->reports()
 7 SYSTEMPATH\CodeIgniter.php(507): CodeIgniter\CodeIgniter->runController(Object(App\Controllers\AdminController))
 8 SYSTEMPATH\CodeIgniter.php(354): CodeIgniter\CodeIgniter->handleRequest(null, Object(Config\Cache), false)
 9 SYSTEMPATH\Boot.php(334): CodeIgniter\CodeIgniter->run()
10 SYSTEMPATH\Boot.php(67): CodeIgniter\Boot::runCodeIgniter(Object(CodeIgniter\CodeIgniter))
11 FCPATH\index.php(59): CodeIgniter\Boot::bootWeb(Object(Config\Paths))
12 SYSTEMPATH\rewrite.php(44): require_once('C:\\xampp\\htdocs\\Eventra1\\public\\index.php')
ERROR - 2025-07-13 14:52:20 --> mysqli_sql_exception: You have an error in your SQL syntax; check the manual that corresponds to your MariaDB server version for the right syntax to use near ')' at line 1 in C:\xampp\htdocs\Eventra1\system\Database\MySQLi\Connection.php:327
Stack trace:
#0 C:\xampp\htdocs\Eventra1\system\Database\MySQLi\Connection.php(327): mysqli->query('ALTER TABLE `us...', 0)
#1 C:\xampp\htdocs\Eventra1\system\Database\BaseConnection.php(738): CodeIgniter\Database\MySQLi\Connection->execute('ALTER TABLE `us...')
#2 C:\xampp\htdocs\Eventra1\system\Database\BaseConnection.php(652): CodeIgniter\Database\BaseConnection->simpleQuery('ALTER TABLE `us...')
#3 C:\xampp\htdocs\Eventra1\system\Database\Forge.php(1150): CodeIgniter\Database\BaseConnection->query('ALTER TABLE `us...')
#4 C:\xampp\htdocs\Eventra1\app\Database\Migrations\2024-01-15-000000_AddIndexesForPerformance.php(18): CodeIgniter\Database\Forge->processIndexes('users')
#5 C:\xampp\htdocs\Eventra1\system\Database\MigrationRunner.php(876): App\Database\Migrations\AddIndexesForPerformance->up()
#6 C:\xampp\htdocs\Eventra1\system\Database\MigrationRunner.php(182): CodeIgniter\Database\MigrationRunner->migrate('up', Object(stdClass))
#7 C:\xampp\htdocs\Eventra1\system\Commands\Database\Migrate.php(85): CodeIgniter\Database\MigrationRunner->latest(NULL)
#8 C:\xampp\htdocs\Eventra1\system\CLI\Commands.php(74): CodeIgniter\Commands\Database\Migrate->run(Array)
#9 C:\xampp\htdocs\Eventra1\system\CLI\Console.php(47): CodeIgniter\CLI\Commands->run('migrate', Array)
#10 C:\xampp\htdocs\Eventra1\system\Boot.php(360): CodeIgniter\CLI\Console->run()
#11 C:\xampp\htdocs\Eventra1\system\Boot.php(104): CodeIgniter\Boot::runCommand(Object(CodeIgniter\CLI\Console))
#12 C:\xampp\htdocs\Eventra1\spark(87): CodeIgniter\Boot::bootSpark(Object(Config\Paths))
#13 {main}
ERROR - 2025-07-13 14:55:28 --> mysqli_sql_exception: Duplicate key name 'idx_users_email' in C:\xampp\htdocs\Eventra1\system\Database\MySQLi\Connection.php:327
Stack trace:
#0 C:\xampp\htdocs\Eventra1\system\Database\MySQLi\Connection.php(327): mysqli->query('ALTER TABLE `us...', 0)
#1 C:\xampp\htdocs\Eventra1\system\Database\BaseConnection.php(738): CodeIgniter\Database\MySQLi\Connection->execute('ALTER TABLE `us...')
#2 C:\xampp\htdocs\Eventra1\system\Database\BaseConnection.php(652): CodeIgniter\Database\BaseConnection->simpleQuery('ALTER TABLE `us...')
#3 C:\xampp\htdocs\Eventra1\system\Database\Forge.php(1150): CodeIgniter\Database\BaseConnection->query('ALTER TABLE `us...')
#4 C:\xampp\htdocs\Eventra1\app\Database\Migrations\2024-01-15-000000_AddIndexesForPerformance.php(19): CodeIgniter\Database\Forge->processIndexes('users')
#5 C:\xampp\htdocs\Eventra1\system\Database\MigrationRunner.php(876): App\Database\Migrations\AddIndexesForPerformance->up()
#6 C:\xampp\htdocs\Eventra1\system\Database\MigrationRunner.php(182): CodeIgniter\Database\MigrationRunner->migrate('up', Object(stdClass))
#7 C:\xampp\htdocs\Eventra1\system\Commands\Database\Migrate.php(85): CodeIgniter\Database\MigrationRunner->latest(NULL)
#8 C:\xampp\htdocs\Eventra1\system\CLI\Commands.php(74): CodeIgniter\Commands\Database\Migrate->run(Array)
#9 C:\xampp\htdocs\Eventra1\system\CLI\Console.php(47): CodeIgniter\CLI\Commands->run('migrate', Array)
#10 C:\xampp\htdocs\Eventra1\system\Boot.php(360): CodeIgniter\CLI\Console->run()
#11 C:\xampp\htdocs\Eventra1\system\Boot.php(104): CodeIgniter\Boot::runCommand(Object(CodeIgniter\CLI\Console))
#12 C:\xampp\htdocs\Eventra1\spark(87): CodeIgniter\Boot::bootSpark(Object(Config\Paths))
#13 {main}
CRITICAL - 2025-07-13 15:08:30 --> CodeIgniter\Exceptions\RuntimeException: View themes, no current section.
[Method: GET, Route: admin/reports]
in SYSTEMPATH\View\View.php on line 430.
 1 APPPATH\Views\admin\reports.php(505): CodeIgniter\View\View->endSection()
 2 SYSTEMPATH\View\View.php(224): include('C:\\xampp\\htdocs\\Eventra1\\app\\Views\\admin\\reports.php')
 3 SYSTEMPATH\View\View.php(227): CodeIgniter\View\View->CodeIgniter\View\{closure}()
 4 SYSTEMPATH\Common.php(1173): CodeIgniter\View\View->render('admin/reports', [], true)
 5 APPPATH\Controllers\AdminController.php(425): view('admin/reports', [...])
 6 SYSTEMPATH\CodeIgniter.php(933): App\Controllers\AdminController->reports()
 7 SYSTEMPATH\CodeIgniter.php(507): CodeIgniter\CodeIgniter->runController(Object(App\Controllers\AdminController))
 8 SYSTEMPATH\CodeIgniter.php(354): CodeIgniter\CodeIgniter->handleRequest(null, Object(Config\Cache), false)
 9 SYSTEMPATH\Boot.php(334): CodeIgniter\CodeIgniter->run()
10 SYSTEMPATH\Boot.php(67): CodeIgniter\Boot::runCodeIgniter(Object(CodeIgniter\CodeIgniter))
11 FCPATH\index.php(59): CodeIgniter\Boot::bootWeb(Object(Config\Paths))
12 SYSTEMPATH\rewrite.php(44): require_once('C:\\xampp\\htdocs\\Eventra1\\public\\index.php')
CRITICAL - 2025-07-13 15:08:37 --> CodeIgniter\Exceptions\RuntimeException: View themes, no current section.
[Method: GET, Route: admin/reports]
in SYSTEMPATH\View\View.php on line 430.
 1 APPPATH\Views\admin\reports.php(505): CodeIgniter\View\View->endSection()
 2 SYSTEMPATH\View\View.php(224): include('C:\\xampp\\htdocs\\Eventra1\\app\\Views\\admin\\reports.php')
 3 SYSTEMPATH\View\View.php(227): CodeIgniter\View\View->CodeIgniter\View\{closure}()
 4 SYSTEMPATH\Common.php(1173): CodeIgniter\View\View->render('admin/reports', [], true)
 5 APPPATH\Controllers\AdminController.php(425): view('admin/reports', [...])
 6 SYSTEMPATH\CodeIgniter.php(933): App\Controllers\AdminController->reports()
 7 SYSTEMPATH\CodeIgniter.php(507): CodeIgniter\CodeIgniter->runController(Object(App\Controllers\AdminController))
 8 SYSTEMPATH\CodeIgniter.php(354): CodeIgniter\CodeIgniter->handleRequest(null, Object(Config\Cache), false)
 9 SYSTEMPATH\Boot.php(334): CodeIgniter\CodeIgniter->run()
10 SYSTEMPATH\Boot.php(67): CodeIgniter\Boot::runCodeIgniter(Object(CodeIgniter\CodeIgniter))
11 FCPATH\index.php(59): CodeIgniter\Boot::bootWeb(Object(Config\Paths))
12 SYSTEMPATH\rewrite.php(44): require_once('C:\\xampp\\htdocs\\Eventra1\\public\\index.php')
CRITICAL - 2025-07-13 15:27:54 --> CodeIgniter\Exceptions\RuntimeException: View themes, no current section.
[Method: GET, Route: admin/reports]
in SYSTEMPATH\View\View.php on line 430.
 1 APPPATH\Views\admin\reports.php(505): CodeIgniter\View\View->endSection()
 2 SYSTEMPATH\View\View.php(224): include('C:\\xampp\\htdocs\\Eventra1\\app\\Views\\admin\\reports.php')
 3 SYSTEMPATH\View\View.php(227): CodeIgniter\View\View->CodeIgniter\View\{closure}()
 4 SYSTEMPATH\Common.php(1173): CodeIgniter\View\View->render('admin/reports', [], true)
 5 APPPATH\Controllers\AdminController.php(425): view('admin/reports', [...])
 6 SYSTEMPATH\CodeIgniter.php(933): App\Controllers\AdminController->reports()
 7 SYSTEMPATH\CodeIgniter.php(507): CodeIgniter\CodeIgniter->runController(Object(App\Controllers\AdminController))
 8 SYSTEMPATH\CodeIgniter.php(354): CodeIgniter\CodeIgniter->handleRequest(null, Object(Config\Cache), false)
 9 SYSTEMPATH\Boot.php(334): CodeIgniter\CodeIgniter->run()
10 SYSTEMPATH\Boot.php(67): CodeIgniter\Boot::runCodeIgniter(Object(CodeIgniter\CodeIgniter))
11 FCPATH\index.php(59): CodeIgniter\Boot::bootWeb(Object(Config\Paths))
12 SYSTEMPATH\rewrite.php(44): require_once('C:\\xampp\\htdocs\\Eventra1\\public\\index.php')
CRITICAL - 2025-07-13 15:29:46 --> CodeIgniter\View\Exceptions\ViewException: Invalid file: "user/certificates/verify.php"
[Method: GET, Route: verify-certificate]
in SYSTEMPATH\Exceptions\FrameworkException.php on line 39.
 1 SYSTEMPATH\View\View.php(212): CodeIgniter\Exceptions\FrameworkException::forInvalidFile('user/certificates/verify.php')
 2 SYSTEMPATH\Common.php(1173): CodeIgniter\View\View->render('user/certificates/verify', [], true)
 3 APPPATH\Controllers\UserController.php(275): view('user/certificates/verify', [...])
 4 SYSTEMPATH\CodeIgniter.php(933): App\Controllers\UserController->verifyCertificate()
 5 SYSTEMPATH\CodeIgniter.php(507): CodeIgniter\CodeIgniter->runController(Object(App\Controllers\UserController))
 6 SYSTEMPATH\CodeIgniter.php(354): CodeIgniter\CodeIgniter->handleRequest(null, Object(Config\Cache), false)
 7 SYSTEMPATH\Boot.php(334): CodeIgniter\CodeIgniter->run()
 8 SYSTEMPATH\Boot.php(67): CodeIgniter\Boot::runCodeIgniter(Object(CodeIgniter\CodeIgniter))
 9 FCPATH\index.php(59): CodeIgniter\Boot::bootWeb(Object(Config\Paths))
10 SYSTEMPATH\rewrite.php(44): require_once('C:\\xampp\\htdocs\\Eventra1\\public\\index.php')
CRITICAL - 2025-07-13 15:29:59 --> CodeIgniter\Exceptions\InvalidArgumentException: Unknown type: cli
[Method: POST, Route: auth/login]
in SYSTEMPATH\HTTP\IncomingRequest.php on line 373.
 1 APPPATH\Filters\CSRFFilter.php(14): CodeIgniter\HTTP\IncomingRequest->is('cli')
 2 SYSTEMPATH\Filters\Filters.php(241): App\Filters\CSRFFilter->before(Object(CodeIgniter\HTTP\IncomingRequest), null)
 3 SYSTEMPATH\Filters\Filters.php(221): CodeIgniter\Filters\Filters->runBefore([...])
 4 SYSTEMPATH\CodeIgniter.php(479): CodeIgniter\Filters\Filters->run('auth/login', 'before')
 5 SYSTEMPATH\CodeIgniter.php(354): CodeIgniter\CodeIgniter->handleRequest(null, Object(Config\Cache), false)
 6 SYSTEMPATH\Boot.php(334): CodeIgniter\CodeIgniter->run()
 7 SYSTEMPATH\Boot.php(67): CodeIgniter\Boot::runCodeIgniter(Object(CodeIgniter\CodeIgniter))
 8 FCPATH\index.php(59): CodeIgniter\Boot::bootWeb(Object(Config\Paths))
 9 SYSTEMPATH\rewrite.php(44): require_once('C:\\xampp\\htdocs\\Eventra1\\public\\index.php')
CRITICAL - 2025-07-13 15:30:19 --> CodeIgniter\Exceptions\InvalidArgumentException: Unknown type: cli
[Method: POST, Route: auth/login]
in SYSTEMPATH\HTTP\IncomingRequest.php on line 373.
 1 APPPATH\Filters\CSRFFilter.php(14): CodeIgniter\HTTP\IncomingRequest->is('cli')
 2 SYSTEMPATH\Filters\Filters.php(241): App\Filters\CSRFFilter->before(Object(CodeIgniter\HTTP\IncomingRequest), null)
 3 SYSTEMPATH\Filters\Filters.php(221): CodeIgniter\Filters\Filters->runBefore([...])
 4 SYSTEMPATH\CodeIgniter.php(479): CodeIgniter\Filters\Filters->run('auth/login', 'before')
 5 SYSTEMPATH\CodeIgniter.php(354): CodeIgniter\CodeIgniter->handleRequest(null, Object(Config\Cache), false)
 6 SYSTEMPATH\Boot.php(334): CodeIgniter\CodeIgniter->run()
 7 SYSTEMPATH\Boot.php(67): CodeIgniter\Boot::runCodeIgniter(Object(CodeIgniter\CodeIgniter))
 8 FCPATH\index.php(59): CodeIgniter\Boot::bootWeb(Object(Config\Paths))
 9 SYSTEMPATH\rewrite.php(44): require_once('C:\\xampp\\htdocs\\Eventra1\\public\\index.php')
CRITICAL - 2025-07-13 15:43:15 --> CodeIgniter\Validation\Exceptions\ValidationException: "required|csrf" is not a valid rule.
[Method: POST, Route: auth/login]
in SYSTEMPATH\Validation\Validation.php on line 345.
 1 SYSTEMPATH\Validation\Validation.php(345): CodeIgniter\Validation\Exceptions\ValidationException::forRuleNotFound('required|csrf')
 2 SYSTEMPATH\Validation\Validation.php(201): CodeIgniter\Validation\Validation->processRules('check', 'check', [...], [...], [...], 'check')
 3 SYSTEMPATH\Validation\Validation.php(250): CodeIgniter\Validation\Validation->run([...], null, null)
 4 APPPATH\Filters\CSRFFilter.php(21): CodeIgniter\Validation\Validation->check([...], [...])
 5 SYSTEMPATH\Filters\Filters.php(241): App\Filters\CSRFFilter->before(Object(CodeIgniter\HTTP\IncomingRequest), null)
 6 SYSTEMPATH\Filters\Filters.php(221): CodeIgniter\Filters\Filters->runBefore([...])
 7 SYSTEMPATH\CodeIgniter.php(479): CodeIgniter\Filters\Filters->run('auth/login', 'before')
 8 SYSTEMPATH\CodeIgniter.php(354): CodeIgniter\CodeIgniter->handleRequest(null, Object(Config\Cache), false)
 9 SYSTEMPATH\Boot.php(334): CodeIgniter\CodeIgniter->run()
10 SYSTEMPATH\Boot.php(67): CodeIgniter\Boot::runCodeIgniter(Object(CodeIgniter\CodeIgniter))
11 FCPATH\index.php(59): CodeIgniter\Boot::bootWeb(Object(Config\Paths))
12 SYSTEMPATH\rewrite.php(44): require_once('C:\\xampp\\htdocs\\Eventra1\\public\\index.php')
CRITICAL - 2025-07-13 15:44:41 --> Error: Call to undefined method CodeIgniter\Security\Security::verifyCSRF()
[Method: POST, Route: auth/login]
in APPPATH\Filters\CSRFFilter.php on line 24.
 1 SYSTEMPATH\Filters\Filters.php(241): App\Filters\CSRFFilter->before(Object(CodeIgniter\HTTP\IncomingRequest), null)
 2 SYSTEMPATH\Filters\Filters.php(221): CodeIgniter\Filters\Filters->runBefore([...])
 3 SYSTEMPATH\CodeIgniter.php(479): CodeIgniter\Filters\Filters->run('auth/login', 'before')
 4 SYSTEMPATH\CodeIgniter.php(354): CodeIgniter\CodeIgniter->handleRequest(null, Object(Config\Cache), false)
 5 SYSTEMPATH\Boot.php(334): CodeIgniter\CodeIgniter->run()
 6 SYSTEMPATH\Boot.php(67): CodeIgniter\Boot::runCodeIgniter(Object(CodeIgniter\CodeIgniter))
 7 FCPATH\index.php(59): CodeIgniter\Boot::bootWeb(Object(Config\Paths))
 8 SYSTEMPATH\rewrite.php(44): require_once('C:\\xampp\\htdocs\\Eventra1\\public\\index.php')
CRITICAL - 2025-07-13 15:47:05 --> CodeIgniter\Security\Exceptions\SecurityException: The action you requested is not allowed.
[Method: POST, Route: auth/login]
in SYSTEMPATH\Security\Security.php on line 262.
 1 SYSTEMPATH\Security\Security.php(262): CodeIgniter\Security\Exceptions\SecurityException::forDisallowedAction()
 2 SYSTEMPATH\Filters\CSRF.php(52): CodeIgniter\Security\Security->verify(Object(CodeIgniter\HTTP\IncomingRequest))
 3 SYSTEMPATH\Filters\Filters.php(241): CodeIgniter\Filters\CSRF->before(Object(CodeIgniter\HTTP\IncomingRequest), null)
 4 SYSTEMPATH\Filters\Filters.php(221): CodeIgniter\Filters\Filters->runBefore([...])
 5 SYSTEMPATH\CodeIgniter.php(479): CodeIgniter\Filters\Filters->run('auth/login', 'before')
 6 SYSTEMPATH\CodeIgniter.php(354): CodeIgniter\CodeIgniter->handleRequest(null, Object(Config\Cache), false)
 7 SYSTEMPATH\Boot.php(334): CodeIgniter\CodeIgniter->run()
 8 SYSTEMPATH\Boot.php(67): CodeIgniter\Boot::runCodeIgniter(Object(CodeIgniter\CodeIgniter))
 9 FCPATH\index.php(59): CodeIgniter\Boot::bootWeb(Object(Config\Paths))
10 SYSTEMPATH\rewrite.php(44): require_once('C:\\xampp\\htdocs\\Eventra1\\public\\index.php')
CRITICAL - 2025-07-13 15:53:47 --> ErrorException: Undefined variable $stats
[Method: GET, Route: user/dashboard]
in APPPATH\Views\user\dashboard.php on line 29.
 1 APPPATH\Views\user\dashboard.php(29): CodeIgniter\Debug\Exceptions->errorHandler(2, 'Undefined variable $stats', 'C:\\xampp\\htdocs\\Eventra1\\app\\Views\\user\\dashboard.php', 29)
 2 SYSTEMPATH\View\View.php(224): include('C:\\xampp\\htdocs\\Eventra1\\app\\Views\\user\\dashboard.php')
 3 SYSTEMPATH\View\View.php(227): CodeIgniter\View\View->CodeIgniter\View\{closure}()
 4 SYSTEMPATH\Common.php(1173): CodeIgniter\View\View->render('user/dashboard', [], true)
 5 APPPATH\Controllers\UserController.php(62): view('user/dashboard', [...])
 6 SYSTEMPATH\CodeIgniter.php(933): App\Controllers\UserController->dashboard()
 7 SYSTEMPATH\CodeIgniter.php(507): CodeIgniter\CodeIgniter->runController(Object(App\Controllers\UserController))
 8 SYSTEMPATH\CodeIgniter.php(354): CodeIgniter\CodeIgniter->handleRequest(null, Object(Config\Cache), false)
 9 SYSTEMPATH\Boot.php(334): CodeIgniter\CodeIgniter->run()
10 SYSTEMPATH\Boot.php(67): CodeIgniter\Boot::runCodeIgniter(Object(CodeIgniter\CodeIgniter))
11 FCPATH\index.php(59): CodeIgniter\Boot::bootWeb(Object(Config\Paths))
12 SYSTEMPATH\rewrite.php(44): require_once('C:\\xampp\\htdocs\\Eventra1\\public\\index.php')
CRITICAL - 2025-07-13 15:55:02 --> ErrorException: Undefined variable $stats
[Method: GET, Route: user/dashboard]
in APPPATH\Views\user\dashboard.php on line 29.
 1 APPPATH\Views\user\dashboard.php(29): CodeIgniter\Debug\Exceptions->errorHandler(2, 'Undefined variable $stats', 'C:\\xampp\\htdocs\\Eventra1\\app\\Views\\user\\dashboard.php', 29)
 2 SYSTEMPATH\View\View.php(224): include('C:\\xampp\\htdocs\\Eventra1\\app\\Views\\user\\dashboard.php')
 3 SYSTEMPATH\View\View.php(227): CodeIgniter\View\View->CodeIgniter\View\{closure}()
 4 SYSTEMPATH\Common.php(1173): CodeIgniter\View\View->render('user/dashboard', [], true)
 5 APPPATH\Controllers\UserController.php(62): view('user/dashboard', [...])
 6 SYSTEMPATH\CodeIgniter.php(933): App\Controllers\UserController->dashboard()
 7 SYSTEMPATH\CodeIgniter.php(507): CodeIgniter\CodeIgniter->runController(Object(App\Controllers\UserController))
 8 SYSTEMPATH\CodeIgniter.php(354): CodeIgniter\CodeIgniter->handleRequest(null, Object(Config\Cache), false)
 9 SYSTEMPATH\Boot.php(334): CodeIgniter\CodeIgniter->run()
10 SYSTEMPATH\Boot.php(67): CodeIgniter\Boot::runCodeIgniter(Object(CodeIgniter\CodeIgniter))
11 FCPATH\index.php(59): CodeIgniter\Boot::bootWeb(Object(Config\Paths))
CRITICAL - 2025-07-13 15:55:04 --> ErrorException: Undefined variable $stats
[Method: GET, Route: user/dashboard]
in APPPATH\Views\user\dashboard.php on line 29.
 1 APPPATH\Views\user\dashboard.php(29): CodeIgniter\Debug\Exceptions->errorHandler(2, 'Undefined variable $stats', 'C:\\xampp\\htdocs\\Eventra1\\app\\Views\\user\\dashboard.php', 29)
 2 SYSTEMPATH\View\View.php(224): include('C:\\xampp\\htdocs\\Eventra1\\app\\Views\\user\\dashboard.php')
 3 SYSTEMPATH\View\View.php(227): CodeIgniter\View\View->CodeIgniter\View\{closure}()
 4 SYSTEMPATH\Common.php(1173): CodeIgniter\View\View->render('user/dashboard', [], true)
 5 APPPATH\Controllers\UserController.php(62): view('user/dashboard', [...])
 6 SYSTEMPATH\CodeIgniter.php(933): App\Controllers\UserController->dashboard()
 7 SYSTEMPATH\CodeIgniter.php(507): CodeIgniter\CodeIgniter->runController(Object(App\Controllers\UserController))
 8 SYSTEMPATH\CodeIgniter.php(354): CodeIgniter\CodeIgniter->handleRequest(null, Object(Config\Cache), false)
 9 SYSTEMPATH\Boot.php(334): CodeIgniter\CodeIgniter->run()
10 SYSTEMPATH\Boot.php(67): CodeIgniter\Boot::runCodeIgniter(Object(CodeIgniter\CodeIgniter))
11 FCPATH\index.php(59): CodeIgniter\Boot::bootWeb(Object(Config\Paths))
CRITICAL - 2025-07-13 15:59:25 --> CodeIgniter\View\Exceptions\ViewException: Invalid file: "user/events/index.php"
[Method: GET, Route: user/events]
in SYSTEMPATH\Exceptions\FrameworkException.php on line 39.
 1 SYSTEMPATH\View\View.php(212): CodeIgniter\Exceptions\FrameworkException::forInvalidFile('user/events/index.php')
 2 SYSTEMPATH\Common.php(1173): CodeIgniter\View\View->render('user/events/index', [], true)
 3 APPPATH\Controllers\UserController.php(98): view('user/events/index', [...])
 4 SYSTEMPATH\CodeIgniter.php(933): App\Controllers\UserController->events()
 5 SYSTEMPATH\CodeIgniter.php(507): CodeIgniter\CodeIgniter->runController(Object(App\Controllers\UserController))
 6 SYSTEMPATH\CodeIgniter.php(354): CodeIgniter\CodeIgniter->handleRequest(null, Object(Config\Cache), false)
 7 SYSTEMPATH\Boot.php(334): CodeIgniter\CodeIgniter->run()
 8 SYSTEMPATH\Boot.php(67): CodeIgniter\Boot::runCodeIgniter(Object(CodeIgniter\CodeIgniter))
 9 FCPATH\index.php(59): CodeIgniter\Boot::bootWeb(Object(Config\Paths))
CRITICAL - 2025-07-13 15:59:44 --> CodeIgniter\View\Exceptions\ViewException: Invalid file: "user/events/index.php"
[Method: GET, Route: user/events]
in SYSTEMPATH\Exceptions\FrameworkException.php on line 39.
 1 SYSTEMPATH\View\View.php(212): CodeIgniter\Exceptions\FrameworkException::forInvalidFile('user/events/index.php')
 2 SYSTEMPATH\Common.php(1173): CodeIgniter\View\View->render('user/events/index', [], true)
 3 APPPATH\Controllers\UserController.php(98): view('user/events/index', [...])
 4 SYSTEMPATH\CodeIgniter.php(933): App\Controllers\UserController->events()
 5 SYSTEMPATH\CodeIgniter.php(507): CodeIgniter\CodeIgniter->runController(Object(App\Controllers\UserController))
 6 SYSTEMPATH\CodeIgniter.php(354): CodeIgniter\CodeIgniter->handleRequest(null, Object(Config\Cache), false)
 7 SYSTEMPATH\Boot.php(334): CodeIgniter\CodeIgniter->run()
 8 SYSTEMPATH\Boot.php(67): CodeIgniter\Boot::runCodeIgniter(Object(CodeIgniter\CodeIgniter))
 9 FCPATH\index.php(59): CodeIgniter\Boot::bootWeb(Object(Config\Paths))
CRITICAL - 2025-07-13 16:31:55 --> CodeIgniter\View\Exceptions\ViewException: Invalid file: "auth/profile.php"
[Method: GET, Route: auth/profile]
in SYSTEMPATH\Exceptions\FrameworkException.php on line 39.
 1 SYSTEMPATH\View\View.php(212): CodeIgniter\Exceptions\FrameworkException::forInvalidFile('auth/profile.php')
 2 SYSTEMPATH\Common.php(1173): CodeIgniter\View\View->render('auth/profile', [], true)
 3 APPPATH\Controllers\AuthController.php(142): view('auth/profile', [...])
 4 SYSTEMPATH\CodeIgniter.php(933): App\Controllers\AuthController->profile()
 5 SYSTEMPATH\CodeIgniter.php(507): CodeIgniter\CodeIgniter->runController(Object(App\Controllers\AuthController))
 6 SYSTEMPATH\CodeIgniter.php(354): CodeIgniter\CodeIgniter->handleRequest(null, Object(Config\Cache), false)
 7 SYSTEMPATH\Boot.php(334): CodeIgniter\CodeIgniter->run()
 8 SYSTEMPATH\Boot.php(67): CodeIgniter\Boot::runCodeIgniter(Object(CodeIgniter\CodeIgniter))
 9 FCPATH\index.php(59): CodeIgniter\Boot::bootWeb(Object(Config\Paths))
CRITICAL - 2025-07-13 16:35:02 --> ErrorException: Undefined variable $is_registered
[Method: GET, Route: user/events/8]
in APPPATH\Views\user\event_detail.php on line 125.
 1 APPPATH\Views\user\event_detail.php(125): CodeIgniter\Debug\Exceptions->errorHandler(2, 'Undefined variable $is_registered', 'C:\\xampp\\htdocs\\Eventra1\\app\\Views\\user\\event_detail.php', 125)
 2 SYSTEMPATH\View\View.php(224): include('C:\\xampp\\htdocs\\Eventra1\\app\\Views\\user\\event_detail.php')
 3 SYSTEMPATH\View\View.php(227): CodeIgniter\View\View->CodeIgniter\View\{closure}()
 4 SYSTEMPATH\Common.php(1173): CodeIgniter\View\View->render('user/event_detail', [], true)
 5 APPPATH\Controllers\UserController.php(126): view('user/event_detail', [...])
 6 SYSTEMPATH\CodeIgniter.php(933): App\Controllers\UserController->eventDetail('8')
 7 SYSTEMPATH\CodeIgniter.php(507): CodeIgniter\CodeIgniter->runController(Object(App\Controllers\UserController))
 8 SYSTEMPATH\CodeIgniter.php(354): CodeIgniter\CodeIgniter->handleRequest(null, Object(Config\Cache), false)
 9 SYSTEMPATH\Boot.php(334): CodeIgniter\CodeIgniter->run()
10 SYSTEMPATH\Boot.php(67): CodeIgniter\Boot::runCodeIgniter(Object(CodeIgniter\CodeIgniter))
11 FCPATH\index.php(59): CodeIgniter\Boot::bootWeb(Object(Config\Paths))
CRITICAL - 2025-07-13 16:38:22 --> ErrorException: Undefined array key "event_image"
[Method: GET, Route: user/my-events]
in APPPATH\Views\user\my_events.php on line 48.
 1 APPPATH\Views\user\my_events.php(48): CodeIgniter\Debug\Exceptions->errorHandler(2, 'Undefined array key "event_image"', 'C:\\xampp\\htdocs\\Eventra1\\app\\Views\\user\\my_events.php', 48)
 2 SYSTEMPATH\View\View.php(224): include('C:\\xampp\\htdocs\\Eventra1\\app\\Views\\user\\my_events.php')
 3 SYSTEMPATH\View\View.php(227): CodeIgniter\View\View->CodeIgniter\View\{closure}()
 4 SYSTEMPATH\Common.php(1173): CodeIgniter\View\View->render('user/my_events', [], true)
 5 APPPATH\Controllers\UserController.php(216): view('user/my_events', [...])
 6 SYSTEMPATH\CodeIgniter.php(933): App\Controllers\UserController->myEvents()
 7 SYSTEMPATH\CodeIgniter.php(507): CodeIgniter\CodeIgniter->runController(Object(App\Controllers\UserController))
 8 SYSTEMPATH\CodeIgniter.php(354): CodeIgniter\CodeIgniter->handleRequest(null, Object(Config\Cache), false)
 9 SYSTEMPATH\Boot.php(334): CodeIgniter\CodeIgniter->run()
10 SYSTEMPATH\Boot.php(67): CodeIgniter\Boot::runCodeIgniter(Object(CodeIgniter\CodeIgniter))
11 FCPATH\index.php(59): CodeIgniter\Boot::bootWeb(Object(Config\Paths))
CRITICAL - 2025-07-13 16:45:30 --> ErrorException: Undefined array key "start_date"
[Method: GET, Route: user/dashboard]
in APPPATH\Controllers\UserController.php on line 48.
 1 APPPATH\Controllers\UserController.php(48): CodeIgniter\Debug\Exceptions->errorHandler(2, 'Undefined array key "start_date"', 'C:\\xampp\\htdocs\\Eventra1\\app\\Controllers\\UserController.php', 48)
 2 [internal function]: App\Controllers\UserController->App\Controllers\{closure}([...])
 3 APPPATH\Controllers\UserController.php(47): array_filter([...], Object(Closure))
 4 SYSTEMPATH\CodeIgniter.php(933): App\Controllers\UserController->dashboard()
 5 SYSTEMPATH\CodeIgniter.php(507): CodeIgniter\CodeIgniter->runController(Object(App\Controllers\UserController))
 6 SYSTEMPATH\CodeIgniter.php(354): CodeIgniter\CodeIgniter->handleRequest(null, Object(Config\Cache), false)
 7 SYSTEMPATH\Boot.php(334): CodeIgniter\CodeIgniter->run()
 8 SYSTEMPATH\Boot.php(67): CodeIgniter\Boot::runCodeIgniter(Object(CodeIgniter\CodeIgniter))
 9 FCPATH\index.php(59): CodeIgniter\Boot::bootWeb(Object(Config\Paths))
CRITICAL - 2025-07-13 16:52:59 --> ErrorException: Undefined array key "start_date"
[Method: GET, Route: user/dashboard]
in APPPATH\Controllers\UserController.php on line 48.
 1 APPPATH\Controllers\UserController.php(48): CodeIgniter\Debug\Exceptions->errorHandler(2, 'Undefined array key "start_date"', 'C:\\xampp\\htdocs\\Eventra1\\app\\Controllers\\UserController.php', 48)
 2 [internal function]: App\Controllers\UserController->App\Controllers\{closure}([...])
 3 APPPATH\Controllers\UserController.php(47): array_filter([...], Object(Closure))
 4 SYSTEMPATH\CodeIgniter.php(933): App\Controllers\UserController->dashboard()
 5 SYSTEMPATH\CodeIgniter.php(507): CodeIgniter\CodeIgniter->runController(Object(App\Controllers\UserController))
 6 SYSTEMPATH\CodeIgniter.php(354): CodeIgniter\CodeIgniter->handleRequest(null, Object(Config\Cache), false)
 7 SYSTEMPATH\Boot.php(334): CodeIgniter\CodeIgniter->run()
 8 SYSTEMPATH\Boot.php(67): CodeIgniter\Boot::runCodeIgniter(Object(CodeIgniter\CodeIgniter))
 9 FCPATH\index.php(59): CodeIgniter\Boot::bootWeb(Object(Config\Paths))
ERROR - 2025-07-13 16:58:48 --> mysqli_sql_exception: Duplicate entry '8-2' for key 'event_id_user_id' in C:\xampp\htdocs\Eventra1\system\Database\MySQLi\Connection.php:327
Stack trace:
#0 C:\xampp\htdocs\Eventra1\system\Database\MySQLi\Connection.php(327): mysqli->query('INSERT INTO `ev...', 0)
#1 C:\xampp\htdocs\Eventra1\system\Database\BaseConnection.php(738): CodeIgniter\Database\MySQLi\Connection->execute('INSERT INTO `ev...')
#2 C:\xampp\htdocs\Eventra1\system\Database\BaseConnection.php(652): CodeIgniter\Database\BaseConnection->simpleQuery('INSERT INTO `ev...')
#3 C:\xampp\htdocs\Eventra1\system\Database\BaseBuilder.php(2345): CodeIgniter\Database\BaseConnection->query('INSERT INTO `ev...', Array, false)
#4 C:\xampp\htdocs\Eventra1\system\Model.php(394): CodeIgniter\Database\BaseBuilder->insert()
#5 C:\xampp\htdocs\Eventra1\system\BaseModel.php(843): CodeIgniter\Model->doInsert(Array)
#6 C:\xampp\htdocs\Eventra1\system\Model.php(800): CodeIgniter\BaseModel->insert(Array, true)
#7 C:\xampp\htdocs\Eventra1\app\Controllers\UserController.php(164): CodeIgniter\Model->insert(Array)
#8 C:\xampp\htdocs\Eventra1\system\CodeIgniter.php(933): App\Controllers\UserController->registerEvent('8')
#9 C:\xampp\htdocs\Eventra1\system\CodeIgniter.php(507): CodeIgniter\CodeIgniter->runController(Object(App\Controllers\UserController))
#10 C:\xampp\htdocs\Eventra1\system\CodeIgniter.php(354): CodeIgniter\CodeIgniter->handleRequest(NULL, Object(Config\Cache), false)
#11 C:\xampp\htdocs\Eventra1\system\Boot.php(334): CodeIgniter\CodeIgniter->run()
#12 C:\xampp\htdocs\Eventra1\system\Boot.php(67): CodeIgniter\Boot::runCodeIgniter(Object(CodeIgniter\CodeIgniter))
#13 C:\xampp\htdocs\Eventra1\public\index.php(59): CodeIgniter\Boot::bootWeb(Object(Config\Paths))
#14 {main}
CRITICAL - 2025-07-13 16:58:48 --> CodeIgniter\Database\Exceptions\DatabaseException: Duplicate entry '8-2' for key 'event_id_user_id'
[Method: POST, Route: user/events/register/8]
in SYSTEMPATH\Database\BaseConnection.php on line 692.
 1 SYSTEMPATH\Database\BaseBuilder.php(2345): CodeIgniter\Database\BaseConnection->query('INSERT INTO `event_registrations` (`event_id`, `user_id`, `status`, `payment_status`, `created_at`, `updated_at`, `registration_date`, `certificate_code`) VALUES (:event_id:, :user_id:, :status:, :payment_status:, :created_at:, :updated_at:, :registration_date:, :certificate_code:)', [...], false)
 2 SYSTEMPATH\Model.php(394): CodeIgniter\Database\BaseBuilder->insert()
 3 SYSTEMPATH\BaseModel.php(843): CodeIgniter\Model->doInsert([...])
 4 SYSTEMPATH\Model.php(800): CodeIgniter\BaseModel->insert([...], true)
 5 APPPATH\Controllers\UserController.php(164): CodeIgniter\Model->insert([...])
 6 SYSTEMPATH\CodeIgniter.php(933): App\Controllers\UserController->registerEvent('8')
 7 SYSTEMPATH\CodeIgniter.php(507): CodeIgniter\CodeIgniter->runController(Object(App\Controllers\UserController))
 8 SYSTEMPATH\CodeIgniter.php(354): CodeIgniter\CodeIgniter->handleRequest(null, Object(Config\Cache), false)
 9 SYSTEMPATH\Boot.php(334): CodeIgniter\CodeIgniter->run()
10 SYSTEMPATH\Boot.php(67): CodeIgniter\Boot::runCodeIgniter(Object(CodeIgniter\CodeIgniter))
11 FCPATH\index.php(59): CodeIgniter\Boot::bootWeb(Object(Config\Paths))
CRITICAL - 2025-07-13 16:58:48 --> [Caused by] CodeIgniter\Database\Exceptions\DatabaseException: Duplicate entry '8-2' for key 'event_id_user_id'
in SYSTEMPATH\Database\MySQLi\Connection.php on line 332.
 1 SYSTEMPATH\Database\BaseConnection.php(738): CodeIgniter\Database\MySQLi\Connection->execute('INSERT INTO `event_registrations` (`event_id`, `user_id`, `status`, `payment_status`, `created_at`, `updated_at`, `registration_date`, `certificate_code`) VALUES (\'8\', \'2\', \'registered\', \'paid\', \'2025-07-13 16:58:48\', \'2025-07-13 16:58:48\', \'2025-07-13 16:58:48\', \'CERT-6873E5C8C38DD\')')
 2 SYSTEMPATH\Database\BaseConnection.php(652): CodeIgniter\Database\BaseConnection->simpleQuery('INSERT INTO `event_registrations` (`event_id`, `user_id`, `status`, `payment_status`, `created_at`, `updated_at`, `registration_date`, `certificate_code`) VALUES (\'8\', \'2\', \'registered\', \'paid\', \'2025-07-13 16:58:48\', \'2025-07-13 16:58:48\', \'2025-07-13 16:58:48\', \'CERT-6873E5C8C38DD\')')
 3 SYSTEMPATH\Database\BaseBuilder.php(2345): CodeIgniter\Database\BaseConnection->query('INSERT INTO `event_registrations` (`event_id`, `user_id`, `status`, `payment_status`, `created_at`, `updated_at`, `registration_date`, `certificate_code`) VALUES (:event_id:, :user_id:, :status:, :payment_status:, :created_at:, :updated_at:, :registration_date:, :certificate_code:)', [...], false)
 4 SYSTEMPATH\Model.php(394): CodeIgniter\Database\BaseBuilder->insert()
 5 SYSTEMPATH\BaseModel.php(843): CodeIgniter\Model->doInsert([...])
 6 SYSTEMPATH\Model.php(800): CodeIgniter\BaseModel->insert([...], true)
 7 APPPATH\Controllers\UserController.php(164): CodeIgniter\Model->insert([...])
 8 SYSTEMPATH\CodeIgniter.php(933): App\Controllers\UserController->registerEvent('8')
 9 SYSTEMPATH\CodeIgniter.php(507): CodeIgniter\CodeIgniter->runController(Object(App\Controllers\UserController))
10 SYSTEMPATH\CodeIgniter.php(354): CodeIgniter\CodeIgniter->handleRequest(null, Object(Config\Cache), false)
11 SYSTEMPATH\Boot.php(334): CodeIgniter\CodeIgniter->run()
12 SYSTEMPATH\Boot.php(67): CodeIgniter\Boot::runCodeIgniter(Object(CodeIgniter\CodeIgniter))
13 FCPATH\index.php(59): CodeIgniter\Boot::bootWeb(Object(Config\Paths))
CRITICAL - 2025-07-13 16:58:48 --> [Caused by] mysqli_sql_exception: Duplicate entry '8-2' for key 'event_id_user_id'
in SYSTEMPATH\Database\MySQLi\Connection.php on line 327.
 1 SYSTEMPATH\Database\MySQLi\Connection.php(327): mysqli->query('INSERT INTO `event_registrations` (`event_id`, `user_id`, `status`, `payment_status`, `created_at`, `updated_at`, `registration_date`, `certificate_code`) VALUES (\'8\', \'2\', \'registered\', \'paid\', \'2025-07-13 16:58:48\', \'2025-07-13 16:58:48\', \'2025-07-13 16:58:48\', \'CERT-6873E5C8C38DD\')', 0)
 2 SYSTEMPATH\Database\BaseConnection.php(738): CodeIgniter\Database\MySQLi\Connection->execute('INSERT INTO `event_registrations` (`event_id`, `user_id`, `status`, `payment_status`, `created_at`, `updated_at`, `registration_date`, `certificate_code`) VALUES (\'8\', \'2\', \'registered\', \'paid\', \'2025-07-13 16:58:48\', \'2025-07-13 16:58:48\', \'2025-07-13 16:58:48\', \'CERT-6873E5C8C38DD\')')
 3 SYSTEMPATH\Database\BaseConnection.php(652): CodeIgniter\Database\BaseConnection->simpleQuery('INSERT INTO `event_registrations` (`event_id`, `user_id`, `status`, `payment_status`, `created_at`, `updated_at`, `registration_date`, `certificate_code`) VALUES (\'8\', \'2\', \'registered\', \'paid\', \'2025-07-13 16:58:48\', \'2025-07-13 16:58:48\', \'2025-07-13 16:58:48\', \'CERT-6873E5C8C38DD\')')
 4 SYSTEMPATH\Database\BaseBuilder.php(2345): CodeIgniter\Database\BaseConnection->query('INSERT INTO `event_registrations` (`event_id`, `user_id`, `status`, `payment_status`, `created_at`, `updated_at`, `registration_date`, `certificate_code`) VALUES (:event_id:, :user_id:, :status:, :payment_status:, :created_at:, :updated_at:, :registration_date:, :certificate_code:)', [...], false)
 5 SYSTEMPATH\Model.php(394): CodeIgniter\Database\BaseBuilder->insert()
 6 SYSTEMPATH\BaseModel.php(843): CodeIgniter\Model->doInsert([...])
 7 SYSTEMPATH\Model.php(800): CodeIgniter\BaseModel->insert([...], true)
 8 APPPATH\Controllers\UserController.php(164): CodeIgniter\Model->insert([...])
 9 SYSTEMPATH\CodeIgniter.php(933): App\Controllers\UserController->registerEvent('8')
10 SYSTEMPATH\CodeIgniter.php(507): CodeIgniter\CodeIgniter->runController(Object(App\Controllers\UserController))
11 SYSTEMPATH\CodeIgniter.php(354): CodeIgniter\CodeIgniter->handleRequest(null, Object(Config\Cache), false)
12 SYSTEMPATH\Boot.php(334): CodeIgniter\CodeIgniter->run()
13 SYSTEMPATH\Boot.php(67): CodeIgniter\Boot::runCodeIgniter(Object(CodeIgniter\CodeIgniter))
14 FCPATH\index.php(59): CodeIgniter\Boot::bootWeb(Object(Config\Paths))
CRITICAL - 2025-07-13 17:05:52 --> CodeIgniter\View\Exceptions\ViewException: Invalid file: "auth/profile.php"
[Method: GET, Route: auth/profile]
in SYSTEMPATH\Exceptions\FrameworkException.php on line 39.
 1 SYSTEMPATH\View\View.php(212): CodeIgniter\Exceptions\FrameworkException::forInvalidFile('auth/profile.php')
 2 SYSTEMPATH\Common.php(1173): CodeIgniter\View\View->render('auth/profile', [], true)
 3 APPPATH\Controllers\AuthController.php(142): view('auth/profile', [...])
 4 SYSTEMPATH\CodeIgniter.php(933): App\Controllers\AuthController->profile()
 5 SYSTEMPATH\CodeIgniter.php(507): CodeIgniter\CodeIgniter->runController(Object(App\Controllers\AuthController))
 6 SYSTEMPATH\CodeIgniter.php(354): CodeIgniter\CodeIgniter->handleRequest(null, Object(Config\Cache), false)
 7 SYSTEMPATH\Boot.php(334): CodeIgniter\CodeIgniter->run()
 8 SYSTEMPATH\Boot.php(67): CodeIgniter\Boot::runCodeIgniter(Object(CodeIgniter\CodeIgniter))
 9 FCPATH\index.php(59): CodeIgniter\Boot::bootWeb(Object(Config\Paths))
CRITICAL - 2025-07-13 17:21:58 --> ErrorException: Undefined array key "username"
[Method: GET, Route: admin/events/registrations/8]
in APPPATH\Views\admin\events\registrations.php on line 104.
 1 APPPATH\Views\admin\events\registrations.php(104): CodeIgniter\Debug\Exceptions->errorHandler(2, 'Undefined array key "username"', 'C:\\xampp\\htdocs\\Eventra1\\app\\Views\\admin\\events\\registrations.php', 104)
 2 SYSTEMPATH\View\View.php(224): include('C:\\xampp\\htdocs\\Eventra1\\app\\Views\\admin\\events\\registrations.php')
 3 SYSTEMPATH\View\View.php(227): CodeIgniter\View\View->CodeIgniter\View\{closure}()
 4 SYSTEMPATH\Common.php(1173): CodeIgniter\View\View->render('admin/events/registrations', [], true)
 5 APPPATH\Controllers\AdminController.php(464): view('admin/events/registrations', [...])
 6 SYSTEMPATH\CodeIgniter.php(933): App\Controllers\AdminController->eventRegistrations('8')
 7 SYSTEMPATH\CodeIgniter.php(507): CodeIgniter\CodeIgniter->runController(Object(App\Controllers\AdminController))
 8 SYSTEMPATH\CodeIgniter.php(354): CodeIgniter\CodeIgniter->handleRequest(null, Object(Config\Cache), false)
 9 SYSTEMPATH\Boot.php(334): CodeIgniter\CodeIgniter->run()
10 SYSTEMPATH\Boot.php(67): CodeIgniter\Boot::runCodeIgniter(Object(CodeIgniter\CodeIgniter))
11 FCPATH\index.php(59): CodeIgniter\Boot::bootWeb(Object(Config\Paths))
CRITICAL - 2025-07-13 17:42:10 --> CodeIgniter\View\Exceptions\ViewException: Invalid file: "auth/profile.php"
[Method: GET, Route: auth/profile]
in SYSTEMPATH\Exceptions\FrameworkException.php on line 39.
 1 SYSTEMPATH\View\View.php(212): CodeIgniter\Exceptions\FrameworkException::forInvalidFile('auth/profile.php')
 2 SYSTEMPATH\Common.php(1173): CodeIgniter\View\View->render('auth/profile', [], true)
 3 APPPATH\Controllers\AuthController.php(142): view('auth/profile', [...])
 4 SYSTEMPATH\CodeIgniter.php(933): App\Controllers\AuthController->profile()
 5 SYSTEMPATH\CodeIgniter.php(507): CodeIgniter\CodeIgniter->runController(Object(App\Controllers\AuthController))
 6 SYSTEMPATH\CodeIgniter.php(354): CodeIgniter\CodeIgniter->handleRequest(null, Object(Config\Cache), false)
 7 SYSTEMPATH\Boot.php(334): CodeIgniter\CodeIgniter->run()
 8 SYSTEMPATH\Boot.php(67): CodeIgniter\Boot::runCodeIgniter(Object(CodeIgniter\CodeIgniter))
 9 FCPATH\index.php(59): CodeIgniter\Boot::bootWeb(Object(Config\Paths))
ERROR - 2025-07-13 18:07:55 --> AuthController: User update failed
ERROR - 2025-07-13 18:44:21 --> AuthController: User update failed
ERROR - 2025-07-13 18:49:54 --> AuthController: User update failed
ERROR - 2025-07-13 18:53:19 --> AuthController: User update failed
ERROR - 2025-07-13 18:53:19 --> AuthController: UserModel errors: {"username":"The username field must contain a unique value.","email":"The email field must contain a unique value."}
ERROR - 2025-07-13 18:53:19 --> AuthController: Database error: {"code":0,"message":""}
ERROR - 2025-07-13 18:56:31 --> AuthController: User update failed
ERROR - 2025-07-13 18:56:31 --> AuthController: UserModel errors: {"username":"The username field must contain a unique value.","email":"The email field must contain a unique value."}
ERROR - 2025-07-13 18:56:31 --> AuthController: Database error: {"code":0,"message":""}
